[01m[K/home/maxim/git/ROS2/ros2_ws/src/cpp_parameters/src/cpp_parameters_node.cpp:12:1:[m[K [01;31m[Kerror: [m[Kexpected class-name before â€˜[01m[K{[m[Kâ€™ token
   12 | [01;31m[K{[m[K
      | [01;31m[K^[m[K
[01m[K/home/maxim/git/ROS2/ros2_ws/src/cpp_parameters/src/cpp_parameters_node.cpp:[m[K In constructor â€˜[01m[KMinimalParam::MinimalParam()[m[Kâ€™:
[01m[K/home/maxim/git/ROS2/ros2_ws/src/cpp_parameters/src/cpp_parameters_node.cpp:16:7:[m[K [01;31m[Kerror: [m[Kclass â€˜[01m[KMinimalParam[m[Kâ€™ does not have any field named â€˜[01m[KNode[m[Kâ€™
   16 |     : [01;31m[KNode[m[K("minimal_param_node")
      |       [01;31m[K^~~~[m[K
[01m[K/home/maxim/git/ROS2/ros2_ws/src/cpp_parameters/src/cpp_parameters_node.cpp:23:15:[m[K [01;31m[Kerror: [m[Kâ€˜[01m[Kclass MinimalParam[m[Kâ€™ has no member named â€˜[01m[Kdeclare_parameter[m[Kâ€™
   23 |         this->[01;31m[Kdeclare_parameter[m[K("my_parameter", "world", param_description);
      |               [01;31m[K^~~~~~~~~~~~~~~~~[m[K
[01m[K/home/maxim/git/ROS2/ros2_ws/src/cpp_parameters/src/cpp_parameters_node.cpp:25:24:[m[K [01;31m[Kerror: [m[Kâ€˜[01m[Kclass MinimalParam[m[Kâ€™ has no member named â€˜[01m[Kcreate_wall_timer[m[Kâ€™
   25 |         timer_ = this->[01;31m[Kcreate_wall_timer[m[K(
      |                        [01;31m[K^~~~~~~~~~~~~~~~~[m[K
[01m[K/home/maxim/git/ROS2/ros2_ws/src/cpp_parameters/src/cpp_parameters_node.cpp:[m[K In member function â€˜[01m[Kvoid MinimalParam::timer_callback()[m[Kâ€™:
[01m[K/home/maxim/git/ROS2/ros2_ws/src/cpp_parameters/src/cpp_parameters_node.cpp:31:38:[m[K [01;31m[Kerror: [m[Kâ€˜[01m[Kclass MinimalParam[m[Kâ€™ has no member named â€˜[01m[Kget_parameter[m[Kâ€™
   31 |         std::string my_param = this->[01;31m[Kget_parameter[m[K("my_parameter").as_string();
      |                                      [01;31m[K^~~~~~~~~~~~~[m[K
In file included from [01m[K/opt/ros/humble/include/rclcpp/rclcpp/client.hpp:40[m[K,
                 from [01m[K/opt/ros/humble/include/rclcpp/rclcpp/callback_group.hpp:24[m[K,
                 from [01m[K/opt/ros/humble/include/rclcpp/rclcpp/any_executable.hpp:20[m[K,
                 from [01m[K/opt/ros/humble/include/rclcpp/rclcpp/memory_strategy.hpp:25[m[K,
                 from [01m[K/opt/ros/humble/include/rclcpp/rclcpp/memory_strategies.hpp:18[m[K,
                 from [01m[K/opt/ros/humble/include/rclcpp/rclcpp/executor_options.hpp:20[m[K,
                 from [01m[K/opt/ros/humble/include/rclcpp/rclcpp/executor.hpp:37[m[K,
                 from [01m[K/opt/ros/humble/include/rclcpp/rclcpp/executors/multi_threaded_executor.hpp:25[m[K,
                 from [01m[K/opt/ros/humble/include/rclcpp/rclcpp/executors.hpp:21[m[K,
                 from [01m[K/opt/ros/humble/include/rclcpp/rclcpp/rclcpp.hpp:155[m[K,
                 from [01m[K/home/maxim/git/ROS2/ros2_ws/src/cpp_parameters/src/cpp_parameters_node.cpp:7[m[K:
[01m[K/home/maxim/git/ROS2/ros2_ws/src/cpp_parameters/src/cpp_parameters_node.cpp:33:27:[m[K [01;31m[Kerror: [m[Kâ€˜[01m[Kclass MinimalParam[m[Kâ€™ has no member named â€˜[01m[Kget_logger[m[Kâ€™
   33 |         RCLCPP_INFO(this->[01;31m[Kget_logger[m[K(), "Hello %s", my_param.c_str());
      |                           [01;31m[K^~~~~~~~~~[m[K
[01m[K/home/maxim/git/ROS2/ros2_ws/src/cpp_parameters/src/cpp_parameters_node.cpp:33:27:[m[K [01;31m[Kerror: [m[Kâ€˜[01m[Kclass MinimalParam[m[Kâ€™ has no member named â€˜[01m[Kget_logger[m[Kâ€™
[01m[K/home/maxim/git/ROS2/ros2_ws/src/cpp_parameters/src/cpp_parameters_node.cpp:33:9:[m[K [01;31m[Kerror: [m[Ktemplate argument 1 is invalid
   33 |         [01;31m[KRCLCPP_INFO[m[K(this->get_logger(), "Hello %s", my_param.c_str());
      |         [01;31m[K^~~~~~~~~~~[m[K
[01m[K/home/maxim/git/ROS2/ros2_ws/src/cpp_parameters/src/cpp_parameters_node.cpp:33:9:[m[K [01;31m[Kerror: [m[Kâ€˜[01m[K<declaration error>[m[Kâ€™ is not a template [[01;31m[K]8;;https://gcc.gnu.org/onlinedocs/gcc/Warning-Options.html#index-fpermissive-fpermissive]8;;[m[K]
   33 |         [01;31m[KRCLCPP_INFO[m[K(this->get_logger(), "Hello %s", my_param.c_str());
      |         [01;31m[K^~~~~~~~~~~[m[K
[01m[K/home/maxim/git/ROS2/ros2_ws/src/cpp_parameters/src/cpp_parameters_node.cpp:33:9:[m[K [01;31m[Kerror: [m[Ktemplate argument 1 is invalid
   33 |         [01;31m[KRCLCPP_INFO[m[K(this->get_logger(), "Hello %s", my_param.c_str());
      |         [01;31m[K^~~~~~~~~~~[m[K
[01m[K/home/maxim/git/ROS2/ros2_ws/src/cpp_parameters/src/cpp_parameters_node.cpp:33:9:[m[K [01;31m[Kerror: [m[Kâ€˜[01m[K<declaration error>[m[Kâ€™ is not a template [[01;31m[K]8;;https://gcc.gnu.org/onlinedocs/gcc/Warning-Options.html#index-fpermissive-fpermissive]8;;[m[K]
   33 |         [01;31m[KRCLCPP_INFO[m[K(this->get_logger(), "Hello %s", my_param.c_str());
      |         [01;31m[K^~~~~~~~~~~[m[K
[01m[K/home/maxim/git/ROS2/ros2_ws/src/cpp_parameters/src/cpp_parameters_node.cpp:33:9:[m[K [01;31m[Kerror: [m[Ktemplate argument 1 is invalid
   33 |         [01;31m[KRCLCPP_INFO[m[K(this->get_logger(), "Hello %s", my_param.c_str());
      |         [01;31m[K^~~~~~~~~~~[m[K
In file included from [01m[K/opt/ros/humble/include/rclcpp/rclcpp/logging.hpp:24[m[K,
                 from [01m[K/opt/ros/humble/include/rclcpp/rclcpp/client.hpp:40[m[K,
                 from [01m[K/opt/ros/humble/include/rclcpp/rclcpp/callback_group.hpp:24[m[K,
                 from [01m[K/opt/ros/humble/include/rclcpp/rclcpp/any_executable.hpp:20[m[K,
                 from [01m[K/opt/ros/humble/include/rclcpp/rclcpp/memory_strategy.hpp:25[m[K,
                 from [01m[K/opt/ros/humble/include/rclcpp/rclcpp/memory_strategies.hpp:18[m[K,
                 from [01m[K/opt/ros/humble/include/rclcpp/rclcpp/executor_options.hpp:20[m[K,
                 from [01m[K/opt/ros/humble/include/rclcpp/rclcpp/executor.hpp:37[m[K,
                 from [01m[K/opt/ros/humble/include/rclcpp/rclcpp/executors/multi_threaded_executor.hpp:25[m[K,
                 from [01m[K/opt/ros/humble/include/rclcpp/rclcpp/executors.hpp:21[m[K,
                 from [01m[K/opt/ros/humble/include/rclcpp/rclcpp/rclcpp.hpp:155[m[K,
                 from [01m[K/home/maxim/git/ROS2/ros2_ws/src/cpp_parameters/src/cpp_parameters_node.cpp:7[m[K:
[01m[K/home/maxim/git/ROS2/ros2_ws/src/cpp_parameters/src/cpp_parameters_node.cpp:33:27:[m[K [01;31m[Kerror: [m[Kâ€˜[01m[Kclass MinimalParam[m[Kâ€™ has no member named â€˜[01m[Kget_logger[m[Kâ€™
   33 |         RCLCPP_INFO(this->[01;31m[Kget_logger[m[K(), "Hello %s", my_param.c_str());
      |                           [01;31m[K^~~~~~~~~~[m[K
[01m[K/home/maxim/git/ROS2/ros2_ws/src/cpp_parameters/src/cpp_parameters_node.cpp:33:27:[m[K [01;31m[Kerror: [m[Kâ€˜[01m[Kclass MinimalParam[m[Kâ€™ has no member named â€˜[01m[Kget_logger[m[Kâ€™
   33 |         RCLCPP_INFO(this->[01;31m[Kget_logger[m[K(), "Hello %s", my_param.c_str());
      |                           [01;31m[K^~~~~~~~~~[m[K
[01m[K/home/maxim/git/ROS2/ros2_ws/src/cpp_parameters/src/cpp_parameters_node.cpp:40:15:[m[K [01;31m[Kerror: [m[Kâ€˜[01m[Kclass MinimalParam[m[Kâ€™ has no member named â€˜[01m[Kset_parameters[m[Kâ€™
   40 |         this->[01;31m[Kset_parameters[m[K(all_new_parameters);
      |               [01;31m[K^~~~~~~~~~~~~~[m[K
[01m[K/home/maxim/git/ROS2/ros2_ws/src/cpp_parameters/src/cpp_parameters_node.cpp:[m[K In function â€˜[01m[Kint main(int, char**)[m[Kâ€™:
[01m[K/home/maxim/git/ROS2/ros2_ws/src/cpp_parameters/src/cpp_parameters_node.cpp:48:17:[m[K [01;31m[Kerror: [m[Kno matching function for call to â€˜[01m[Kspin(std::shared_ptr<MinimalParam>)[m[Kâ€™
   48 |     [01;31m[Krclcpp::spin(std::make_shared<MinimalParam>())[m[K;
      |     [01;31m[K~~~~~~~~~~~~^~~~~~~~~~~~~~~~~~~~~~~~~~~~~~~~~~[m[K
In file included from [01m[K/opt/ros/humble/include/rclcpp/rclcpp/rclcpp.hpp:155[m[K,
                 from [01m[K/home/maxim/git/ROS2/ros2_ws/src/cpp_parameters/src/cpp_parameters_node.cpp:7[m[K:
[01m[K/opt/ros/humble/include/rclcpp/rclcpp/executors.hpp:45:1:[m[K [01;36m[Knote: [m[Kcandidate: â€˜[01m[Kvoid rclcpp::spin(rclcpp::node_interfaces::NodeBaseInterface::SharedPtr)[m[Kâ€™
   45 | [01;36m[Kspin[m[K(rclcpp::node_interfaces::NodeBaseInterface::SharedPtr node_ptr);
      | [01;36m[K^~~~[m[K
[01m[K/opt/ros/humble/include/rclcpp/rclcpp/executors.hpp:45:60:[m[K [01;36m[Knote: [m[K  no known conversion for argument 1 from â€˜[01m[Kshared_ptr<[01;32m[KMinimalParam[m[K>[m[Kâ€™ to â€˜[01m[Kshared_ptr<[01;32m[Krclcpp::node_interfaces::NodeBaseInterface[m[K>[m[Kâ€™
   45 | spin([01;36m[Krclcpp::node_interfaces::NodeBaseInterface::SharedPtr node_ptr[m[K);
      |      [01;36m[K~~~~~~~~~~~~~~~~~~~~~~~~~~~~~~~~~~~~~~~~~~~~~~~~~~~~~~^~~~~~~~[m[K
[01m[K/opt/ros/humble/include/rclcpp/rclcpp/executors.hpp:49:1:[m[K [01;36m[Knote: [m[Kcandidate: â€˜[01m[Kvoid rclcpp::spin(rclcpp::Node::SharedPtr)[m[Kâ€™
   49 | [01;36m[Kspin[m[K(rclcpp::Node::SharedPtr node_ptr);
      | [01;36m[K^~~~[m[K
[01m[K/opt/ros/humble/include/rclcpp/rclcpp/executors.hpp:49:30:[m[K [01;36m[Knote: [m[K  no known conversion for argument 1 from â€˜[01m[Kshared_ptr<[01;32m[KMinimalParam[m[K>[m[Kâ€™ to â€˜[01m[Kshared_ptr<[01;32m[Krclcpp::Node[m[K>[m[Kâ€™
   49 | spin([01;36m[Krclcpp::Node::SharedPtr node_ptr[m[K);
      |      [01;36m[K~~~~~~~~~~~~~~~~~~~~~~~~^~~~~~~~[m[K
gmake[2]: *** [CMakeFiles/minimal_param_node.dir/build.make:76: CMakeFiles/minimal_param_node.dir/src/cpp_parameters_node.cpp.o] Error 1
gmake[1]: *** [CMakeFiles/Makefile2:137: CMakeFiles/minimal_param_node.dir/all] Error 2
gmake: *** [Makefile:146: all] Error 2
