[0.106s] Invoking command in '/home/maxim/git/ROS2/ros2_ws/build/cpp_parameters': CMAKE_PREFIX_PATH=${CMAKE_PREFIX_PATH}:/opt/ros/humble /usr/bin/cmake /home/maxim/git/ROS2/ros2_ws/src/cpp_parameters -DCMAKE_INSTALL_PREFIX=/home/maxim/git/ROS2/ros2_ws/install/cpp_parameters
[0.294s] -- The C compiler identification is GNU 11.4.0
[0.445s] -- The CXX compiler identification is GNU 11.4.0
[0.467s] -- Detecting C compiler ABI info
[0.644s] -- Detecting C compiler ABI info - done
[0.655s] -- Check for working C compiler: /usr/bin/cc - skipped
[0.656s] -- Detecting C compile features
[0.656s] -- Detecting C compile features - done
[0.662s] -- Detecting CXX compiler ABI info
[0.808s] -- Detecting CXX compiler ABI info - done
[0.819s] -- Check for working CXX compiler: /usr/bin/c++ - skipped
[0.819s] -- Detecting CXX compile features
[0.820s] -- Detecting CXX compile features - done
[0.838s] -- Found ament_cmake: 1.3.8 (/opt/ros/humble/share/ament_cmake/cmake)
[1.088s] -- Found Python3: /usr/bin/python3 (found version "3.10.12") found components: Interpreter 
[1.297s] -- Found rclcpp: 16.0.8 (/opt/ros/humble/share/rclcpp/cmake)
[1.412s] -- Found rosidl_generator_c: 3.1.5 (/opt/ros/humble/share/rosidl_generator_c/cmake)
[1.426s] -- Found rosidl_adapter: 3.1.5 (/opt/ros/humble/share/rosidl_adapter/cmake)
[1.445s] -- Found rosidl_generator_cpp: 3.1.5 (/opt/ros/humble/share/rosidl_generator_cpp/cmake)
[1.475s] -- Using all available rosidl_typesupport_c: rosidl_typesupport_fastrtps_c;rosidl_typesupport_introspection_c
[1.515s] -- Using all available rosidl_typesupport_cpp: rosidl_typesupport_fastrtps_cpp;rosidl_typesupport_introspection_cpp
[1.656s] -- Found rmw_implementation_cmake: 6.1.1 (/opt/ros/humble/share/rmw_implementation_cmake/cmake)
[1.663s] -- Found rmw_fastrtps_cpp: 6.2.6 (/opt/ros/humble/share/rmw_fastrtps_cpp/cmake)
[1.916s] -- Found OpenSSL: /usr/lib/x86_64-linux-gnu/libcrypto.so (found version "3.0.2")  
[1.981s] -- Found FastRTPS: /opt/ros/humble/include  
[2.074s] -- Using RMW implementation 'rmw_fastrtps_cpp' as default
[2.098s] -- Looking for pthread.h
[2.260s] -- Looking for pthread.h - found
[2.261s] -- Performing Test CMAKE_HAVE_LIBC_PTHREAD
[2.423s] -- Performing Test CMAKE_HAVE_LIBC_PTHREAD - Success
[2.426s] -- Found Threads: TRUE  
[2.846s] -- Configuring done
[2.865s] -- Generating done
[2.869s] -- Build files have been written to: /home/maxim/git/ROS2/ros2_ws/build/cpp_parameters
[2.885s] Invoked command in '/home/maxim/git/ROS2/ros2_ws/build/cpp_parameters' returned '0': CMAKE_PREFIX_PATH=${CMAKE_PREFIX_PATH}:/opt/ros/humble /usr/bin/cmake /home/maxim/git/ROS2/ros2_ws/src/cpp_parameters -DCMAKE_INSTALL_PREFIX=/home/maxim/git/ROS2/ros2_ws/install/cpp_parameters
[2.889s] Invoking command in '/home/maxim/git/ROS2/ros2_ws/build/cpp_parameters': CMAKE_PREFIX_PATH=${CMAKE_PREFIX_PATH}:/opt/ros/humble /usr/bin/cmake --build /home/maxim/git/ROS2/ros2_ws/build/cpp_parameters -- -j12 -l12
[2.983s] [ 50%] [32mBuilding CXX object CMakeFiles/minimal_param_node.dir/src/cpp_parameters_node.cpp.o[0m
[6.025s] [01m[K/home/maxim/git/ROS2/ros2_ws/src/cpp_parameters/src/cpp_parameters_node.cpp:12:1:[m[K [01;31m[Kerror: [m[Kexpected class-name before â€˜[01m[K{[m[Kâ€™ token
[6.025s]    12 | [01;31m[K{[m[K
[6.025s]       | [01;31m[K^[m[K
[6.025s] [01m[K/home/maxim/git/ROS2/ros2_ws/src/cpp_parameters/src/cpp_parameters_node.cpp:[m[K In constructor â€˜[01m[KMinimalParam::MinimalParam()[m[Kâ€™:
[6.026s] [01m[K/home/maxim/git/ROS2/ros2_ws/src/cpp_parameters/src/cpp_parameters_node.cpp:16:7:[m[K [01;31m[Kerror: [m[Kclass â€˜[01m[KMinimalParam[m[Kâ€™ does not have any field named â€˜[01m[KNode[m[Kâ€™
[6.026s]    16 |     : [01;31m[KNode[m[K("minimal_param_node")
[6.026s]       |       [01;31m[K^~~~[m[K
[6.026s] [01m[K/home/maxim/git/ROS2/ros2_ws/src/cpp_parameters/src/cpp_parameters_node.cpp:23:15:[m[K [01;31m[Kerror: [m[Kâ€˜[01m[Kclass MinimalParam[m[Kâ€™ has no member named â€˜[01m[Kdeclare_parameter[m[Kâ€™
[6.026s]    23 |         this->[01;31m[Kdeclare_parameter[m[K("my_parameter", "world", param_description);
[6.026s]       |               [01;31m[K^~~~~~~~~~~~~~~~~[m[K
[6.027s] [01m[K/home/maxim/git/ROS2/ros2_ws/src/cpp_parameters/src/cpp_parameters_node.cpp:25:24:[m[K [01;31m[Kerror: [m[Kâ€˜[01m[Kclass MinimalParam[m[Kâ€™ has no member named â€˜[01m[Kcreate_wall_timer[m[Kâ€™
[6.027s]    25 |         timer_ = this->[01;31m[Kcreate_wall_timer[m[K(
[6.027s]       |                        [01;31m[K^~~~~~~~~~~~~~~~~[m[K
[6.030s] [01m[K/home/maxim/git/ROS2/ros2_ws/src/cpp_parameters/src/cpp_parameters_node.cpp:[m[K In member function â€˜[01m[Kvoid MinimalParam::timer_callback()[m[Kâ€™:
[6.030s] [01m[K/home/maxim/git/ROS2/ros2_ws/src/cpp_parameters/src/cpp_parameters_node.cpp:31:38:[m[K [01;31m[Kerror: [m[Kâ€˜[01m[Kclass MinimalParam[m[Kâ€™ has no member named â€˜[01m[Kget_parameter[m[Kâ€™
[6.030s]    31 |         std::string my_param = this->[01;31m[Kget_parameter[m[K("my_parameter").as_string();
[6.031s]       |                                      [01;31m[K^~~~~~~~~~~~~[m[K
[6.031s] In file included from [01m[K/opt/ros/humble/include/rclcpp/rclcpp/client.hpp:40[m[K,
[6.031s]                  from [01m[K/opt/ros/humble/include/rclcpp/rclcpp/callback_group.hpp:24[m[K,
[6.031s]                  from [01m[K/opt/ros/humble/include/rclcpp/rclcpp/any_executable.hpp:20[m[K,
[6.032s]                  from [01m[K/opt/ros/humble/include/rclcpp/rclcpp/memory_strategy.hpp:25[m[K,
[6.032s]                  from [01m[K/opt/ros/humble/include/rclcpp/rclcpp/memory_strategies.hpp:18[m[K,
[6.032s]                  from [01m[K/opt/ros/humble/include/rclcpp/rclcpp/executor_options.hpp:20[m[K,
[6.032s]                  from [01m[K/opt/ros/humble/include/rclcpp/rclcpp/executor.hpp:37[m[K,
[6.032s]                  from [01m[K/opt/ros/humble/include/rclcpp/rclcpp/executors/multi_threaded_executor.hpp:25[m[K,
[6.032s]                  from [01m[K/opt/ros/humble/include/rclcpp/rclcpp/executors.hpp:21[m[K,
[6.033s]                  from [01m[K/opt/ros/humble/include/rclcpp/rclcpp/rclcpp.hpp:155[m[K,
[6.033s]                  from [01m[K/home/maxim/git/ROS2/ros2_ws/src/cpp_parameters/src/cpp_parameters_node.cpp:7[m[K:
[6.033s] [01m[K/home/maxim/git/ROS2/ros2_ws/src/cpp_parameters/src/cpp_parameters_node.cpp:33:27:[m[K [01;31m[Kerror: [m[Kâ€˜[01m[Kclass MinimalParam[m[Kâ€™ has no member named â€˜[01m[Kget_logger[m[Kâ€™
[6.033s]    33 |         RCLCPP_INFO(this->[01;31m[Kget_logger[m[K(), "Hello %s", my_param.c_str());
[6.033s]       |                           [01;31m[K^~~~~~~~~~[m[K
[6.033s] [01m[K/home/maxim/git/ROS2/ros2_ws/src/cpp_parameters/src/cpp_parameters_node.cpp:33:27:[m[K [01;31m[Kerror: [m[Kâ€˜[01m[Kclass MinimalParam[m[Kâ€™ has no member named â€˜[01m[Kget_logger[m[Kâ€™
[6.034s] [01m[K/home/maxim/git/ROS2/ros2_ws/src/cpp_parameters/src/cpp_parameters_node.cpp:33:9:[m[K [01;31m[Kerror: [m[Ktemplate argument 1 is invalid
[6.034s]    33 |         [01;31m[KRCLCPP_INFO[m[K(this->get_logger(), "Hello %s", my_param.c_str());
[6.034s]       |         [01;31m[K^~~~~~~~~~~[m[K
[6.034s] [01m[K/home/maxim/git/ROS2/ros2_ws/src/cpp_parameters/src/cpp_parameters_node.cpp:33:9:[m[K [01;31m[Kerror: [m[Kâ€˜[01m[K<declaration error>[m[Kâ€™ is not a template [[01;31m[K]8;;https://gcc.gnu.org/onlinedocs/gcc/Warning-Options.html#index-fpermissive-fpermissive]8;;[m[K]
[6.034s]    33 |         [01;31m[KRCLCPP_INFO[m[K(this->get_logger(), "Hello %s", my_param.c_str());
[6.034s]       |         [01;31m[K^~~~~~~~~~~[m[K
[6.035s] [01m[K/home/maxim/git/ROS2/ros2_ws/src/cpp_parameters/src/cpp_parameters_node.cpp:33:9:[m[K [01;31m[Kerror: [m[Ktemplate argument 1 is invalid
[6.035s]    33 |         [01;31m[KRCLCPP_INFO[m[K(this->get_logger(), "Hello %s", my_param.c_str());
[6.035s]       |         [01;31m[K^~~~~~~~~~~[m[K
[6.035s] [01m[K/home/maxim/git/ROS2/ros2_ws/src/cpp_parameters/src/cpp_parameters_node.cpp:33:9:[m[K [01;31m[Kerror: [m[Kâ€˜[01m[K<declaration error>[m[Kâ€™ is not a template [[01;31m[K]8;;https://gcc.gnu.org/onlinedocs/gcc/Warning-Options.html#index-fpermissive-fpermissive]8;;[m[K]
[6.036s]    33 |         [01;31m[KRCLCPP_INFO[m[K(this->get_logger(), "Hello %s", my_param.c_str());
[6.036s]       |         [01;31m[K^~~~~~~~~~~[m[K
[6.036s] [01m[K/home/maxim/git/ROS2/ros2_ws/src/cpp_parameters/src/cpp_parameters_node.cpp:33:9:[m[K [01;31m[Kerror: [m[Ktemplate argument 1 is invalid
[6.036s]    33 |         [01;31m[KRCLCPP_INFO[m[K(this->get_logger(), "Hello %s", my_param.c_str());
[6.036s]       |         [01;31m[K^~~~~~~~~~~[m[K
[6.036s] In file included from [01m[K/opt/ros/humble/include/rclcpp/rclcpp/logging.hpp:24[m[K,
[6.037s]                  from [01m[K/opt/ros/humble/include/rclcpp/rclcpp/client.hpp:40[m[K,
[6.037s]                  from [01m[K/opt/ros/humble/include/rclcpp/rclcpp/callback_group.hpp:24[m[K,
[6.037s]                  from [01m[K/opt/ros/humble/include/rclcpp/rclcpp/any_executable.hpp:20[m[K,
[6.037s]                  from [01m[K/opt/ros/humble/include/rclcpp/rclcpp/memory_strategy.hpp:25[m[K,
[6.037s]                  from [01m[K/opt/ros/humble/include/rclcpp/rclcpp/memory_strategies.hpp:18[m[K,
[6.037s]                  from [01m[K/opt/ros/humble/include/rclcpp/rclcpp/executor_options.hpp:20[m[K,
[6.038s]                  from [01m[K/opt/ros/humble/include/rclcpp/rclcpp/executor.hpp:37[m[K,
[6.038s]                  from [01m[K/opt/ros/humble/include/rclcpp/rclcpp/executors/multi_threaded_executor.hpp:25[m[K,
[6.038s]                  from [01m[K/opt/ros/humble/include/rclcpp/rclcpp/executors.hpp:21[m[K,
[6.038s]                  from [01m[K/opt/ros/humble/include/rclcpp/rclcpp/rclcpp.hpp:155[m[K,
[6.038s]                  from [01m[K/home/maxim/git/ROS2/ros2_ws/src/cpp_parameters/src/cpp_parameters_node.cpp:7[m[K:
[6.038s] [01m[K/home/maxim/git/ROS2/ros2_ws/src/cpp_parameters/src/cpp_parameters_node.cpp:33:27:[m[K [01;31m[Kerror: [m[Kâ€˜[01m[Kclass MinimalParam[m[Kâ€™ has no member named â€˜[01m[Kget_logger[m[Kâ€™
[6.039s]    33 |         RCLCPP_INFO(this->[01;31m[Kget_logger[m[K(), "Hello %s", my_param.c_str());
[6.039s]       |                           [01;31m[K^~~~~~~~~~[m[K
[6.039s] [01m[K/home/maxim/git/ROS2/ros2_ws/src/cpp_parameters/src/cpp_parameters_node.cpp:33:27:[m[K [01;31m[Kerror: [m[Kâ€˜[01m[Kclass MinimalParam[m[Kâ€™ has no member named â€˜[01m[Kget_logger[m[Kâ€™
[6.039s]    33 |         RCLCPP_INFO(this->[01;31m[Kget_logger[m[K(), "Hello %s", my_param.c_str());
[6.039s]       |                           [01;31m[K^~~~~~~~~~[m[K
[6.039s] [01m[K/home/maxim/git/ROS2/ros2_ws/src/cpp_parameters/src/cpp_parameters_node.cpp:40:15:[m[K [01;31m[Kerror: [m[Kâ€˜[01m[Kclass MinimalParam[m[Kâ€™ has no member named â€˜[01m[Kset_parameters[m[Kâ€™
[6.039s]    40 |         this->[01;31m[Kset_parameters[m[K(all_new_parameters);
[6.040s]       |               [01;31m[K^~~~~~~~~~~~~~[m[K
[6.040s] [01m[K/home/maxim/git/ROS2/ros2_ws/src/cpp_parameters/src/cpp_parameters_node.cpp:[m[K In function â€˜[01m[Kint main(int, char**)[m[Kâ€™:
[6.040s] [01m[K/home/maxim/git/ROS2/ros2_ws/src/cpp_parameters/src/cpp_parameters_node.cpp:48:17:[m[K [01;31m[Kerror: [m[Kno matching function for call to â€˜[01m[Kspin(std::shared_ptr<MinimalParam>)[m[Kâ€™
[6.040s]    48 |     [01;31m[Krclcpp::spin(std::make_shared<MinimalParam>())[m[K;
[6.040s]       |     [01;31m[K~~~~~~~~~~~~^~~~~~~~~~~~~~~~~~~~~~~~~~~~~~~~~~[m[K
[6.040s] In file included from [01m[K/opt/ros/humble/include/rclcpp/rclcpp/rclcpp.hpp:155[m[K,
[6.041s]                  from [01m[K/home/maxim/git/ROS2/ros2_ws/src/cpp_parameters/src/cpp_parameters_node.cpp:7[m[K:
[6.041s] [01m[K/opt/ros/humble/include/rclcpp/rclcpp/executors.hpp:45:1:[m[K [01;36m[Knote: [m[Kcandidate: â€˜[01m[Kvoid rclcpp::spin(rclcpp::node_interfaces::NodeBaseInterface::SharedPtr)[m[Kâ€™
[6.041s]    45 | [01;36m[Kspin[m[K(rclcpp::node_interfaces::NodeBaseInterface::SharedPtr node_ptr);
[6.041s]       | [01;36m[K^~~~[m[K
[6.041s] [01m[K/opt/ros/humble/include/rclcpp/rclcpp/executors.hpp:45:60:[m[K [01;36m[Knote: [m[K  no known conversion for argument 1 from â€˜[01m[Kshared_ptr<[01;32m[KMinimalParam[m[K>[m[Kâ€™ to â€˜[01m[Kshared_ptr<[01;32m[Krclcpp::node_interfaces::NodeBaseInterface[m[K>[m[Kâ€™
[6.041s]    45 | spin([01;36m[Krclcpp::node_interfaces::NodeBaseInterface::SharedPtr node_ptr[m[K);
[6.042s]       |      [01;36m[K~~~~~~~~~~~~~~~~~~~~~~~~~~~~~~~~~~~~~~~~~~~~~~~~~~~~~~^~~~~~~~[m[K
[6.042s] [01m[K/opt/ros/humble/include/rclcpp/rclcpp/executors.hpp:49:1:[m[K [01;36m[Knote: [m[Kcandidate: â€˜[01m[Kvoid rclcpp::spin(rclcpp::Node::SharedPtr)[m[Kâ€™
[6.042s]    49 | [01;36m[Kspin[m[K(rclcpp::Node::SharedPtr node_ptr);
[6.042s]       | [01;36m[K^~~~[m[K
[6.042s] [01m[K/opt/ros/humble/include/rclcpp/rclcpp/executors.hpp:49:30:[m[K [01;36m[Knote: [m[K  no known conversion for argument 1 from â€˜[01m[Kshared_ptr<[01;32m[KMinimalParam[m[K>[m[Kâ€™ to â€˜[01m[Kshared_ptr<[01;32m[Krclcpp::Node[m[K>[m[Kâ€™
[6.042s]    49 | spin([01;36m[Krclcpp::Node::SharedPtr node_ptr[m[K);
[6.043s]       |      [01;36m[K~~~~~~~~~~~~~~~~~~~~~~~~^~~~~~~~[m[K
[6.602s] gmake[2]: *** [CMakeFiles/minimal_param_node.dir/build.make:76: CMakeFiles/minimal_param_node.dir/src/cpp_parameters_node.cpp.o] Error 1
[6.603s] gmake[1]: *** [CMakeFiles/Makefile2:137: CMakeFiles/minimal_param_node.dir/all] Error 2
[6.603s] gmake: *** [Makefile:146: all] Error 2
[6.611s] Invoked command in '/home/maxim/git/ROS2/ros2_ws/build/cpp_parameters' returned '2': CMAKE_PREFIX_PATH=${CMAKE_PREFIX_PATH}:/opt/ros/humble /usr/bin/cmake --build /home/maxim/git/ROS2/ros2_ws/build/cpp_parameters -- -j12 -l12
