[0.078s] Invoking command in '/home/maxim/git/ROS2/ros2_ws/build/action_tutorials_cpp': CMAKE_PREFIX_PATH=${CMAKE_PREFIX_PATH}:/opt/ros/humble LD_LIBRARY_PATH=/home/maxim/git/ROS2/ros2_ws/install/action_tutorials_interfaces/lib:/home/maxim/git/ROS2/ros2_ws/install/tutorial_interfaces/lib:/home/maxim/git/ROS2/ros2_ws/install/polygon_plugins/lib:/home/maxim/git/ROS2/ros2_ws/install/more_interfaces/lib:/usr/lib/x86_64-linux-gnu/gazebo-11/plugins:/opt/ros/humble/opt/rviz_ogre_vendor/lib:/opt/ros/humble/lib/x86_64-linux-gnu:/opt/ros/humble/lib:/usr/share/gazebo/../../lib/x86_64-linux-gnu/gazebo-11/plugins:/usr/share/gazebo/../../lib/x86_64-linux-gnu/gazebo-11/plugins:/usr/share/gazebo/../../lib/x86_64-linux-gnu/gazebo-11/plugins /usr/bin/cmake --build /home/maxim/git/ROS2/ros2_ws/build/action_tutorials_cpp -- -j12 -l12
[0.239s] [35m[1mConsolidate compiler generated dependencies of target action_server[0m
[0.263s] [ 50%] Built target fibonacci_action_server
[0.266s] [ 75%] [32mBuilding CXX object CMakeFiles/action_server.dir/src/fibonacci_action_server.cpp.o[0m
[2.481s] [01m[K/home/maxim/git/ROS2/ros2_ws/src/action_tutorials_cpp/src/fibonacci_action_server.cpp:17:23:[m[K [01;31m[Kerror: [m[Kâ€˜[01m[Kaction_tutorial_interfaces[m[Kâ€™ does not name a type
[2.481s]    17 |     using Fibonacci = [01;31m[Kaction_tutorial_interfaces[m[K::action::Fibonacci;
[2.481s]       |                       [01;31m[K^~~~~~~~~~~~~~~~~~~~~~~~~~[m[K
[2.481s] [01m[K/home/maxim/git/ROS2/ros2_ws/src/action_tutorials_cpp/src/fibonacci_action_server.cpp:19:66:[m[K [01;31m[Kerror: [m[Kâ€˜[01m[KFibonacci[m[Kâ€™ was not declared in this scope; did you mean â€˜[01m[Kaction_tutorials_interfaces::action::Fibonacci[m[Kâ€™?
[2.481s]    19 |     using GoalHandlerFibonacci = rclcpp_action::ServerGoalHandle<[01;31m[KFibonacci[m[K>;
[2.482s]       |                                                                  [01;31m[K^~~~~~~~~[m[K
[2.482s]       |                                                                  [32m[Kaction_tutorials_interfaces::action::Fibonacci[m[K
[2.483s] In file included from [01m[K/home/maxim/git/ROS2/ros2_ws/install/action_tutorials_interfaces/include/action_tutorials_interfaces/action_tutorials_interfaces/action/fibonacci.hpp:7[m[K,
[2.484s]                  from [01m[K/home/maxim/git/ROS2/ros2_ws/src/action_tutorials_cpp/src/fibonacci_action_server.cpp:6[m[K:
[2.484s] [01m[K/home/maxim/git/ROS2/ros2_ws/install/action_tutorials_interfaces/include/action_tutorials_interfaces/action_tutorials_interfaces/action/detail/fibonacci__struct.hpp:1041:26:[m[K [01;36m[Knote: [m[Kâ€˜[01m[Kaction_tutorials_interfaces::action::Fibonacci[m[Kâ€™ declared here
[2.484s]  1041 | typedef struct Fibonacci [01;36m[KFibonacci[m[K;
[2.484s]       |                          [01;36m[K^~~~~~~~~[m[K
[2.484s] [01m[K/home/maxim/git/ROS2/ros2_ws/src/action_tutorials_cpp/src/fibonacci_action_server.cpp:19:75:[m[K [01;31m[Kerror: [m[Ktemplate argument 1 is invalid
[2.485s]    19 |     using GoalHandlerFibonacci = rclcpp_action::ServerGoalHandle<Fibonacci[01;31m[K>[m[K;
[2.485s]       |                                                                           [01;31m[K^[m[K
[2.485s] [01m[K/home/maxim/git/ROS2/ros2_ws/src/action_tutorials_cpp/src/fibonacci_action_server.cpp:47:27:[m[K [01;31m[Kerror: [m[Kâ€˜[01m[KFibonacci[m[Kâ€™ was not declared in this scope; did you mean â€˜[01m[Kaction_tutorials_interfaces::action::Fibonacci[m[Kâ€™?
[2.485s]    47 |     rclcpp_action::Server<[01;31m[KFibonacci[m[K>::SharedPtr action_server_;
[2.485s]       |                           [01;31m[K^~~~~~~~~[m[K
[2.485s]       |                           [32m[Kaction_tutorials_interfaces::action::Fibonacci[m[K
[2.486s] In file included from [01m[K/home/maxim/git/ROS2/ros2_ws/install/action_tutorials_interfaces/include/action_tutorials_interfaces/action_tutorials_interfaces/action/fibonacci.hpp:7[m[K,
[2.486s]                  from [01m[K/home/maxim/git/ROS2/ros2_ws/src/action_tutorials_cpp/src/fibonacci_action_server.cpp:6[m[K:
[2.486s] [01m[K/home/maxim/git/ROS2/ros2_ws/install/action_tutorials_interfaces/include/action_tutorials_interfaces/action_tutorials_interfaces/action/detail/fibonacci__struct.hpp:1041:26:[m[K [01;36m[Knote: [m[Kâ€˜[01m[Kaction_tutorials_interfaces::action::Fibonacci[m[Kâ€™ declared here
[2.486s]  1041 | typedef struct Fibonacci [01;36m[KFibonacci[m[K;
[2.486s]       |                          [01;36m[K^~~~~~~~~[m[K
[2.487s] [01m[K/home/maxim/git/ROS2/ros2_ws/src/action_tutorials_cpp/src/fibonacci_action_server.cpp:47:36:[m[K [01;31m[Kerror: [m[Ktemplate argument 1 is invalid
[2.487s]    47 |     rclcpp_action::Server<Fibonacci[01;31m[K>[m[K::SharedPtr action_server_;
[2.487s]       |                                    [01;31m[K^[m[K
[2.487s] [01m[K/home/maxim/git/ROS2/ros2_ws/src/action_tutorials_cpp/src/fibonacci_action_server.cpp:47:39:[m[K [01;31m[Kerror: [m[Kexpected â€˜[01m[K;[m[Kâ€™ at end of member declaration
[2.488s]    47 |     rclcpp_action::Server<Fibonacci>::[01;31m[KSharedPtr[m[K action_server_;
[2.488s]       |                                       [01;31m[K^~~~~~~~~[m[K
[2.488s]       |                                                [32m[K;[m[K
[2.488s] [01m[K/home/maxim/git/ROS2/ros2_ws/src/action_tutorials_cpp/src/fibonacci_action_server.cpp:47:49:[m[K [01;31m[Kerror: [m[Kâ€˜[01m[Kaction_server_[m[Kâ€™ does not name a type; did you mean â€˜[01m[Krcl_action_server_t[m[Kâ€™?
[2.488s]    47 |     rclcpp_action::Server<Fibonacci>::SharedPtr [01;31m[Kaction_server_[m[K;
[2.488s]       |                                                 [01;31m[K^~~~~~~~~~~~~~[m[K
[2.489s]       |                                                 [32m[Krcl_action_server_t[m[K
[2.489s] [01m[K/home/maxim/git/ROS2/ros2_ws/src/action_tutorials_cpp/src/fibonacci_action_server.cpp:52:40:[m[K [01;31m[Kerror: [m[KISO C++ forbids declaration of â€˜[01m[Ktype name[m[Kâ€™ with no type [[01;31m[K]8;;https://gcc.gnu.org/onlinedocs/gcc/Warning-Options.html#index-fpermissive-fpermissive]8;;[m[K]
[2.489s]    52 |         std::shared_ptr<const Fibonnaci[01;31m[K::[m[KGoal> goal)
[2.489s]       |                                        [01;31m[K^~[m[K
[2.489s] [01m[K/home/maxim/git/ROS2/ros2_ws/src/action_tutorials_cpp/src/fibonacci_action_server.cpp:52:46:[m[K [01;31m[Kerror: [m[Ktemplate argument 1 is invalid
[2.489s]    52 |         std::shared_ptr<const Fibonnaci::Goal[01;31m[K>[m[K goal)
[2.490s]       |                                              [01;31m[K^[m[K
[2.490s] [01m[K/home/maxim/git/ROS2/ros2_ws/src/action_tutorials_cpp/src/fibonacci_action_server.cpp:52:40:[m[K [01;31m[Kerror: [m[KISO C++ forbids declaration of â€˜[01m[Ktype name[m[Kâ€™ with no type [[01;31m[K]8;;https://gcc.gnu.org/onlinedocs/gcc/Warning-Options.html#index-fpermissive-fpermissive]8;;[m[K]
[2.490s]    52 |         std::shared_ptr<const Fibonnaci[01;31m[K::[m[KGoal> goal)
[2.490s]       |                                        [01;31m[K^~[m[K
[2.490s] [01m[K/home/maxim/git/ROS2/ros2_ws/src/action_tutorials_cpp/src/fibonacci_action_server.cpp:52:46:[m[K [01;31m[Kerror: [m[Ktemplate argument 1 is invalid
[2.490s]    52 |         std::shared_ptr<const Fibonnaci::Goal[01;31m[K>[m[K goal)
[2.491s]       |                                              [01;31m[K^[m[K
[2.491s] [01m[K/home/maxim/git/ROS2/ros2_ws/src/action_tutorials_cpp/src/fibonacci_action_server.cpp:52:40:[m[K [01;31m[Kerror: [m[KISO C++ forbids declaration of â€˜[01m[Ktype name[m[Kâ€™ with no type [[01;31m[K]8;;https://gcc.gnu.org/onlinedocs/gcc/Warning-Options.html#index-fpermissive-fpermissive]8;;[m[K]
[2.491s]    52 |         std::shared_ptr<const Fibonnaci[01;31m[K::[m[KGoal> goal)
[2.491s]       |                                        [01;31m[K^~[m[K
[2.491s] [01m[K/home/maxim/git/ROS2/ros2_ws/src/action_tutorials_cpp/src/fibonacci_action_server.cpp:52:46:[m[K [01;31m[Kerror: [m[Ktemplate argument 1 is invalid
[2.491s]    52 |         std::shared_ptr<const Fibonnaci::Goal[01;31m[K>[m[K goal)
[2.492s]       |                                              [01;31m[K^[m[K
[2.492s] [01m[K/home/maxim/git/ROS2/ros2_ws/src/action_tutorials_cpp/src/fibonacci_action_server.cpp:52:9:[m[K [01;31m[Kerror: [m[Kinvalid template-id
[2.492s]    52 |         [01;31m[Kstd[m[K::shared_ptr<const Fibonnaci::Goal> goal)
[2.492s]       |         [01;31m[K^~~[m[K
[2.492s] [01m[K/home/maxim/git/ROS2/ros2_ws/src/action_tutorials_cpp/src/fibonacci_action_server.cpp:52:40:[m[K [01;31m[Kerror: [m[KISO C++ forbids declaration of â€˜[01m[Ktype name[m[Kâ€™ with no type [[01;31m[K]8;;https://gcc.gnu.org/onlinedocs/gcc/Warning-Options.html#index-fpermissive-fpermissive]8;;[m[K]
[2.492s]    52 |         std::shared_ptr<const Fibonnaci[01;31m[K::[m[KGoal> goal)
[2.493s]       |                                        [01;31m[K^~[m[K
[2.493s] [01m[K/home/maxim/git/ROS2/ros2_ws/src/action_tutorials_cpp/src/fibonacci_action_server.cpp:52:25:[m[K [01;31m[Kerror: [m[Kexpected primary-expression before â€˜[01m[Kconst[m[Kâ€™
[2.493s]    52 |         std::shared_ptr<[01;31m[Kconst[m[K Fibonnaci::Goal> goal)
[2.493s]       |                         [01;31m[K^~~~~[m[K
[2.493s] [01m[K/home/maxim/git/ROS2/ros2_ws/src/action_tutorials_cpp/src/fibonacci_action_server.cpp:52:25:[m[K [01;31m[Kerror: [m[Kexpected â€˜[01m[K>[m[Kâ€™ before â€˜[01m[Kconst[m[Kâ€™
[2.493s] [01m[K/home/maxim/git/ROS2/ros2_ws/src/action_tutorials_cpp/src/fibonacci_action_server.cpp:52:9:[m[K [01;31m[Kerror: [m[Kclass template placeholder â€˜[01m[Kstd::shared_ptr[m[Kâ€™ not permitted in this context
[2.494s]    52 |         [01;31m[Kstd[m[K::shared_ptr<const Fibonnaci::Goal> goal)
[2.494s]       |         [01;31m[K^~~[m[K
[2.497s] [01m[K/home/maxim/git/ROS2/ros2_ws/src/action_tutorials_cpp/src/fibonacci_action_server.cpp:62:31:[m[K [01;31m[Kerror: [m[Kâ€˜[01m[KGoalHandlerFibonacci[m[Kâ€™ was not declared in this scope
[2.497s]    62 |         const std::shared_ptr<[01;31m[KGoalHandlerFibonacci[m[K> goal_handle)
[2.497s]       |                               [01;31m[K^~~~~~~~~~~~~~~~~~~~[m[K
[2.498s] [01m[K/home/maxim/git/ROS2/ros2_ws/src/action_tutorials_cpp/src/fibonacci_action_server.cpp:62:51:[m[K [01;31m[Kerror: [m[Ktemplate argument 1 is invalid
[2.498s]    62 |         const std::shared_ptr<GoalHandlerFibonacci[01;31m[K>[m[K goal_handle)
[2.498s]       |                                                   [01;31m[K^[m[K
[2.507s] [01m[K/home/maxim/git/ROS2/ros2_ws/src/action_tutorials_cpp/src/fibonacci_action_server.cpp:71:48:[m[K [01;31m[Kerror: [m[Kâ€˜[01m[KGoalHandlerFibonacci[m[Kâ€™ was not declared in this scope
[2.507s]    71 |     void handle_accepted(const std::shared_ptr<[01;31m[KGoalHandlerFibonacci[m[K> goal_handle)
[2.507s]       |                                                [01;31m[K^~~~~~~~~~~~~~~~~~~~[m[K
[2.507s] [01m[K/home/maxim/git/ROS2/ros2_ws/src/action_tutorials_cpp/src/fibonacci_action_server.cpp:71:68:[m[K [01;31m[Kerror: [m[Ktemplate argument 1 is invalid
[2.508s]    71 |     void handle_accepted(const std::shared_ptr<GoalHandlerFibonacci[01;31m[K>[m[K goal_handle)
[2.508s]       |                                                                    [01;31m[K^[m[K
[2.517s] [01m[K/home/maxim/git/ROS2/ros2_ws/src/action_tutorials_cpp/src/fibonacci_action_server.cpp:80:40:[m[K [01;31m[Kerror: [m[Kâ€˜[01m[KGoalHandlerFibonacci[m[Kâ€™ was not declared in this scope
[2.517s]    80 |     void execute(const std::shared_ptr<[01;31m[KGoalHandlerFibonacci[m[K> goal_handle)
[2.517s]       |                                        [01;31m[K^~~~~~~~~~~~~~~~~~~~[m[K
[2.517s] [01m[K/home/maxim/git/ROS2/ros2_ws/src/action_tutorials_cpp/src/fibonacci_action_server.cpp:80:60:[m[K [01;31m[Kerror: [m[Ktemplate argument 1 is invalid
[2.518s]    80 |     void execute(const std::shared_ptr<GoalHandlerFibonacci[01;31m[K>[m[K goal_handle)
[2.518s]       |                                                            [01;31m[K^[m[K
[2.518s] [01m[K/home/maxim/git/ROS2/ros2_ws/src/action_tutorials_cpp/src/fibonacci_action_server.cpp:[m[K In constructor â€˜[01m[Kaction_tutorials_cpp::FibonacciActionServer::FibonacciActionServer(const rclcpp::NodeOptions&)[m[Kâ€™:
[2.518s] [01m[K/home/maxim/git/ROS2/ros2_ws/src/action_tutorials_cpp/src/fibonacci_action_server.cpp:37:15:[m[K [01;31m[Kerror: [m[Kâ€˜[01m[Kclass action_tutorials_cpp::FibonacciActionServer[m[Kâ€™ has no member named â€˜[01m[Kaction_server_[m[Kâ€™
[2.518s]    37 |         this->[01;31m[Kaction_server_[m[K = rclcpp_action::create_server<Fibonacci>(
[2.519s]       |               [01;31m[K^~~~~~~~~~~~~~[m[K
[2.519s] [01m[K/home/maxim/git/ROS2/ros2_ws/src/action_tutorials_cpp/src/fibonacci_action_server.cpp:37:61:[m[K [01;31m[Kerror: [m[Kâ€˜[01m[KFibonacci[m[Kâ€™ was not declared in this scope; did you mean â€˜[01m[Kaction_tutorials_interfaces::action::Fibonacci[m[Kâ€™?
[2.519s]    37 |         this->action_server_ = rclcpp_action::create_server<[01;31m[KFibonacci[m[K>(
[2.519s]       |                                                             [01;31m[K^~~~~~~~~[m[K
[2.519s]       |                                                             [32m[Kaction_tutorials_interfaces::action::Fibonacci[m[K
[2.519s] In file included from [01m[K/home/maxim/git/ROS2/ros2_ws/install/action_tutorials_interfaces/include/action_tutorials_interfaces/action_tutorials_interfaces/action/fibonacci.hpp:7[m[K,
[2.520s]                  from [01m[K/home/maxim/git/ROS2/ros2_ws/src/action_tutorials_cpp/src/fibonacci_action_server.cpp:6[m[K:
[2.520s] [01m[K/home/maxim/git/ROS2/ros2_ws/install/action_tutorials_interfaces/include/action_tutorials_interfaces/action_tutorials_interfaces/action/detail/fibonacci__struct.hpp:1041:26:[m[K [01;36m[Knote: [m[Kâ€˜[01m[Kaction_tutorials_interfaces::action::Fibonacci[m[Kâ€™ declared here
[2.520s]  1041 | typedef struct Fibonacci [01;36m[KFibonacci[m[K;
[2.520s]       |                          [01;36m[K^~~~~~~~~[m[K
[2.523s] [01m[K/home/maxim/git/ROS2/ros2_ws/src/action_tutorials_cpp/src/fibonacci_action_server.cpp:40:73:[m[K [01;31m[Kerror: [m[Kexpected â€˜[01m[K)[m[Kâ€™ before â€˜[01m[K;[m[Kâ€™ token
[2.524s]    40 |             std::bind(&FibonacciActionServer::handle_goal, this, _1, _2)[01;31m[K;[m[K
[2.524s]       |                                                                         [01;31m[K^[m[K
[2.524s] [01m[K/home/maxim/git/ROS2/ros2_ws/src/action_tutorials_cpp/src/fibonacci_action_server.cpp:37:71:[m[K [01;36m[Knote: [m[Kto match this â€˜[01m[K([m[Kâ€™
[2.524s]    37 |         this->action_server_ = rclcpp_action::create_server<Fibonacci>[01;36m[K([m[K
[2.524s]       |                                                                       [01;36m[K^[m[K
[2.528s] [01m[K/home/maxim/git/ROS2/ros2_ws/src/action_tutorials_cpp/src/fibonacci_action_server.cpp:43:9:[m[K [01;31m[Kerror: [m[Kexpected primary-expression before â€˜[01m[K)[m[Kâ€™ token
[2.528s]    43 |         [01;31m[K)[m[K
[2.528s]       |         [01;31m[K^[m[K
[2.532s] In file included from [01m[K/opt/ros/humble/include/rclcpp/rclcpp/logging.hpp:24[m[K,
[2.532s]                  from [01m[K/opt/ros/humble/include/rclcpp/rclcpp/client.hpp:40[m[K,
[2.532s]                  from [01m[K/opt/ros/humble/include/rclcpp/rclcpp/callback_group.hpp:24[m[K,
[2.533s]                  from [01m[K/opt/ros/humble/include/rclcpp/rclcpp/any_executable.hpp:20[m[K,
[2.533s]                  from [01m[K/opt/ros/humble/include/rclcpp/rclcpp/memory_strategy.hpp:25[m[K,
[2.533s]                  from [01m[K/opt/ros/humble/include/rclcpp/rclcpp/memory_strategies.hpp:18[m[K,
[2.533s]                  from [01m[K/opt/ros/humble/include/rclcpp/rclcpp/executor_options.hpp:20[m[K,
[2.533s]                  from [01m[K/opt/ros/humble/include/rclcpp/rclcpp/executor.hpp:37[m[K,
[2.534s]                  from [01m[K/opt/ros/humble/include/rclcpp/rclcpp/executors/multi_threaded_executor.hpp:25[m[K,
[2.534s]                  from [01m[K/opt/ros/humble/include/rclcpp/rclcpp/executors.hpp:21[m[K,
[2.534s]                  from [01m[K/opt/ros/humble/include/rclcpp/rclcpp/rclcpp.hpp:155[m[K,
[2.534s]                  from [01m[K/home/maxim/git/ROS2/ros2_ws/src/action_tutorials_cpp/src/fibonacci_action_server.cpp:5[m[K:
[2.535s] [01m[K/home/maxim/git/ROS2/ros2_ws/src/action_tutorials_cpp/src/fibonacci_action_server.cpp:[m[K In member function â€˜[01m[Krclcpp_action::GoalResponse action_tutorials_cpp::FibonacciActionServer::handle_goal(...)[m[Kâ€™:
[2.535s] [01m[K/home/maxim/git/ROS2/ros2_ws/src/action_tutorials_cpp/src/fibonacci_action_server.cpp:54:80:[m[K [01;31m[Kerror: [m[Kâ€˜[01m[Kgoal[m[Kâ€™ was not declared in this scope
[2.535s]    54 |         RCLCPP_INFO(this->get_logger(), "Received goal request with order %d", [01;31m[Kgoal[m[K->order);
[2.535s]       |                                                                                [01;31m[K^~~~[m[K
[2.535s] [01m[K/home/maxim/git/ROS2/ros2_ws/src/action_tutorials_cpp/src/fibonacci_action_server.cpp:[m[K In member function â€˜[01m[Kvoid action_tutorials_cpp::FibonacciActionServer::execute(int)[m[Kâ€™:
[2.536s] [01m[K/home/maxim/git/ROS2/ros2_ws/src/action_tutorials_cpp/src/fibonacci_action_server.cpp:87:38:[m[K [01;31m[Kerror: [m[Kbase operand of â€˜[01m[K->[m[Kâ€™ is not a pointer
[2.536s]    87 |         const auto goal = goal_handle[01;31m[K->[m[Kget_goal();
[2.536s]       |                                      [01;31m[K^~[m[K
[2.536s] [01m[K/home/maxim/git/ROS2/ros2_ws/src/action_tutorials_cpp/src/fibonacci_action_server.cpp:88:42:[m[K [01;31m[Kerror: [m[Kâ€˜[01m[KFibonacci[m[Kâ€™ was not declared in this scope; did you mean â€˜[01m[Kaction_tutorials_interfaces::action::Fibonacci[m[Kâ€™?
[2.536s]    88 |         auto feedback = std::make_shared<[01;31m[KFibonacci[m[K::Feedback>();
[2.536s]       |                                          [01;31m[K^~~~~~~~~[m[K
[2.537s]       |                                          [32m[Kaction_tutorials_interfaces::action::Fibonacci[m[K
[2.537s] In file included from [01m[K/home/maxim/git/ROS2/ros2_ws/install/action_tutorials_interfaces/include/action_tutorials_interfaces/action_tutorials_interfaces/action/fibonacci.hpp:7[m[K,
[2.537s]                  from [01m[K/home/maxim/git/ROS2/ros2_ws/src/action_tutorials_cpp/src/fibonacci_action_server.cpp:6[m[K:
[2.537s] [01m[K/home/maxim/git/ROS2/ros2_ws/install/action_tutorials_interfaces/include/action_tutorials_interfaces/action_tutorials_interfaces/action/detail/fibonacci__struct.hpp:1041:26:[m[K [01;36m[Knote: [m[Kâ€˜[01m[Kaction_tutorials_interfaces::action::Fibonacci[m[Kâ€™ declared here
[2.537s]  1041 | typedef struct Fibonacci [01;36m[KFibonacci[m[K;
[2.537s]       |                          [01;36m[K^~~~~~~~~[m[K
[2.538s] [01m[K/home/maxim/git/ROS2/ros2_ws/src/action_tutorials_cpp/src/fibonacci_action_server.cpp:88:30:[m[K [01;31m[Kerror: [m[Kparse error in template argument list
[2.538s]    88 |         auto feedback = std::[01;31m[Kmake_shared<Fibonacci::Feedback>[m[K();
[2.538s]       |                              [01;31m[K^~~~~~~~~~~~~~~~~~~~~~~~~~~~~~~~[m[K
[2.538s] [01m[K/home/maxim/git/ROS2/ros2_ws/src/action_tutorials_cpp/src/fibonacci_action_server.cpp:88:62:[m[K [01;31m[Kerror: [m[Kno matching function for call to â€˜[01m[Kmake_shared<<expression error> >()[m[Kâ€™
[2.538s]    88 |         auto feedback = [01;31m[Kstd::make_shared<Fibonacci::Feedback>()[m[K;
[2.538s]       |                         [01;31m[K~~~~~~~~~~~~~~~~~~~~~~~~~~~~~~~~~~~~~^~[m[K
[2.539s] In file included from [01m[K/usr/include/c++/11/memory:77[m[K,
[2.539s]                  from [01m[K/home/maxim/git/ROS2/ros2_ws/src/action_tutorials_cpp/src/fibonacci_action_server.cpp:1[m[K:
[2.539s] [01m[K/usr/include/c++/11/bits/shared_ptr.h:875:5:[m[K [01;36m[Knote: [m[Kcandidate: â€˜[01m[Ktemplate<class _Tp, class ... _Args> std::shared_ptr<_Tp> std::make_shared(_Args&& ...)[m[Kâ€™
[2.539s]   875 |     [01;36m[Kmake_shared[m[K(_Args&&... __args)
[2.539s]       |     [01;36m[K^~~~~~~~~~~[m[K
[2.539s] [01m[K/usr/include/c++/11/bits/shared_ptr.h:875:5:[m[K [01;36m[Knote: [m[K  template argument deduction/substitution failed:
[2.539s] [01m[K/home/maxim/git/ROS2/ros2_ws/src/action_tutorials_cpp/src/fibonacci_action_server.cpp:88:62:[m[K [01;31m[Kerror: [m[Ktemplate argument 1 is invalid
[2.540s]    88 |         auto feedback = [01;31m[Kstd::make_shared<Fibonacci::Feedback>()[m[K;
[2.540s]       |                         [01;31m[K~~~~~~~~~~~~~~~~~~~~~~~~~~~~~~~~~~~~~^~[m[K
[2.540s] [01m[K/home/maxim/git/ROS2/ros2_ws/src/action_tutorials_cpp/src/fibonacci_action_server.cpp:92:28:[m[K [01;31m[Kerror: [m[Kparse error in template argument list
[2.540s]    92 |         auto result = std::[01;31m[Kmake_shared<Fibonacci::Result>[m[K();
[2.540s]       |                            [01;31m[K^~~~~~~~~~~~~~~~~~~~~~~~~~~~~~[m[K
[2.541s] [01m[K/home/maxim/git/ROS2/ros2_ws/src/action_tutorials_cpp/src/fibonacci_action_server.cpp:92:58:[m[K [01;31m[Kerror: [m[Kno matching function for call to â€˜[01m[Kmake_shared<Fibonacci>()[m[Kâ€™
[2.541s]    92 |         auto result = [01;31m[Kstd::make_shared<Fibonacci::Result>()[m[K;
[2.541s]       |                       [01;31m[K~~~~~~~~~~~~~~~~~~~~~~~~~~~~~~~~~~~^~[m[K
[2.541s] In file included from [01m[K/usr/include/c++/11/memory:77[m[K,
[2.541s]                  from [01m[K/home/maxim/git/ROS2/ros2_ws/src/action_tutorials_cpp/src/fibonacci_action_server.cpp:1[m[K:
[2.541s] [01m[K/usr/include/c++/11/bits/shared_ptr.h:875:5:[m[K [01;36m[Knote: [m[Kcandidate: â€˜[01m[Ktemplate<class _Tp, class ... _Args> std::shared_ptr<_Tp> std::make_shared(_Args&& ...)[m[Kâ€™
[2.542s]   875 |     [01;36m[Kmake_shared[m[K(_Args&&... __args)
[2.542s]       |     [01;36m[K^~~~~~~~~~~[m[K
[2.542s] [01m[K/usr/include/c++/11/bits/shared_ptr.h:875:5:[m[K [01;36m[Knote: [m[K  template argument deduction/substitution failed:
[2.542s] [01m[K/home/maxim/git/ROS2/ros2_ws/src/action_tutorials_cpp/src/fibonacci_action_server.cpp:97:27:[m[K [01;31m[Kerror: [m[Kbase operand of â€˜[01m[K->[m[Kâ€™ is not a pointer
[2.542s]    97 |             if(goal_handle[01;31m[K->[m[Kis_canceling()) {
[2.542s]       |                           [01;31m[K^~[m[K
[2.543s] [01m[K/home/maxim/git/ROS2/ros2_ws/src/action_tutorials_cpp/src/fibonacci_action_server.cpp:99:28:[m[K [01;31m[Kerror: [m[Kbase operand of â€˜[01m[K->[m[Kâ€™ is not a pointer
[2.543s]    99 |                 goal_handle[01;31m[K->[m[Kcanceled(result);
[2.543s]       |                            [01;31m[K^~[m[K
[2.543s] [01m[K/home/maxim/git/ROS2/ros2_ws/src/action_tutorials_cpp/src/fibonacci_action_server.cpp:107:24:[m[K [01;31m[Kerror: [m[Kbase operand of â€˜[01m[K->[m[Kâ€™ is not a pointer
[2.543s]   107 |             goal_handle[01;31m[K->[m[Kpublish_feedback(feedback);
[2.543s]       |                        [01;31m[K^~[m[K
[2.544s] [01m[K/home/maxim/git/ROS2/ros2_ws/src/action_tutorials_cpp/src/fibonacci_action_server.cpp:117:24:[m[K [01;31m[Kerror: [m[Kbase operand of â€˜[01m[K->[m[Kâ€™ is not a pointer
[2.544s]   117 |             goal_handle[01;31m[K->[m[Ksucceed(result);
[2.544s]       |                        [01;31m[K^~[m[K
[3.012s] gmake[2]: *** [CMakeFiles/action_server.dir/build.make:76: CMakeFiles/action_server.dir/src/fibonacci_action_server.cpp.o] Error 1
[3.013s] gmake[1]: *** [CMakeFiles/Makefile2:139: CMakeFiles/action_server.dir/all] Error 2
[3.013s] gmake: *** [Makefile:146: all] Error 2
[3.043s] Invoked command in '/home/maxim/git/ROS2/ros2_ws/build/action_tutorials_cpp' returned '2': CMAKE_PREFIX_PATH=${CMAKE_PREFIX_PATH}:/opt/ros/humble LD_LIBRARY_PATH=/home/maxim/git/ROS2/ros2_ws/install/action_tutorials_interfaces/lib:/home/maxim/git/ROS2/ros2_ws/install/tutorial_interfaces/lib:/home/maxim/git/ROS2/ros2_ws/install/polygon_plugins/lib:/home/maxim/git/ROS2/ros2_ws/install/more_interfaces/lib:/usr/lib/x86_64-linux-gnu/gazebo-11/plugins:/opt/ros/humble/opt/rviz_ogre_vendor/lib:/opt/ros/humble/lib/x86_64-linux-gnu:/opt/ros/humble/lib:/usr/share/gazebo/../../lib/x86_64-linux-gnu/gazebo-11/plugins:/usr/share/gazebo/../../lib/x86_64-linux-gnu/gazebo-11/plugins:/usr/share/gazebo/../../lib/x86_64-linux-gnu/gazebo-11/plugins /usr/bin/cmake --build /home/maxim/git/ROS2/ros2_ws/build/action_tutorials_cpp -- -j12 -l12
