[01m[K/home/maxim/git/ROS2/ros2_ws/src/more_interfaces/src/publish_address_book.cpp:[m[K In constructor â€˜[01m[KAddressBookPublisher::AddressBookPublisher()[m[Kâ€™:
[01m[K/home/maxim/git/ROS2/ros2_ws/src/more_interfaces/src/publish_address_book.cpp:17:9:[m[K [01;31m[Kerror: [m[Kâ€˜[01m[Kaddres_book_publisher_[m[Kâ€™ was not declared in this scope; did you mean â€˜[01m[Kaddress_book_publisher_[m[Kâ€™?
   17 |         [01;31m[Kaddres_book_publisher_[m[K =
      |         [01;31m[K^~~~~~~~~~~~~~~~~~~~~~[m[K
      |         [32m[Kaddress_book_publisher_[m[K
gmake[2]: *** [CMakeFiles/publish_address_book.dir/build.make:76: CMakeFiles/publish_address_book.dir/src/publish_address_book.cpp.o] Error 1
gmake[1]: *** [CMakeFiles/Makefile2:183: CMakeFiles/publish_address_book.dir/all] Error 2
gmake: *** [Makefile:146: all] Error 2
