[01m[K/home/maxim/git/ROS2/ros2_ws/src/polygon_plugins/src/polygon_plugins.cpp:[m[K In member function â€˜[01m[Kvirtual double polygon_plugins::Triangle::area()[m[Kâ€™:
[01m[K/home/maxim/git/ROS2/ros2_ws/src/polygon_plugins/src/polygon_plugins.cpp:32:46:[m[K [01;31m[Kerror: [m[Kâ€˜[01m[Kside_length[m[Kâ€™ was not declared in this scope; did you mean â€˜[01m[Kside_length_[m[Kâ€™?
   32 |                     - ((side_length_ / 2) * ([01;31m[Kside_length[m[K / 2)));
      |                                              [01;31m[K^~~~~~~~~~~[m[K
      |                                              [32m[Kside_length_[m[K
gmake[2]: *** [CMakeFiles/polygon_plugins.dir/build.make:76: CMakeFiles/polygon_plugins.dir/src/polygon_plugins.cpp.o] Error 1
gmake[1]: *** [CMakeFiles/Makefile2:137: CMakeFiles/polygon_plugins.dir/all] Error 2
gmake: *** [Makefile:146: all] Error 2
