-- The C compiler identification is GNU 11.4.0
-- The CXX compiler identification is GNU 11.4.0
-- Detecting C compiler ABI info
-- Detecting C compiler ABI info - done
-- Check for working C compiler: /usr/bin/cc - skipped
-- Detecting C compile features
-- Detecting C compile features - done
-- Detecting CXX compiler ABI info
-- Detecting CXX compiler ABI info - done
-- Check for working CXX compiler: /usr/bin/c++ - skipped
-- Detecting CXX compile features
-- Detecting CXX compile features - done
-- Found ament_cmake: 1.3.8 (/opt/ros/humble/share/ament_cmake/cmake)
-- Found Python3: /usr/bin/python3 (found version "3.10.12") found components: Interpreter 
-- Found ament_cmake_ros: 0.10.0 (/opt/ros/humble/share/ament_cmake_ros/cmake)
-- Found polygon_base: 0.0.0 (/home/maxim/git/ROS2/ros2_ws/install/polygon_base/share/polygon_base/cmake)
-- Found pluginlib: 5.1.0 (/opt/ros/humble/share/pluginlib/cmake)
-- Configuring done
-- Generating done
-- Build files have been written to: /home/maxim/git/ROS2/ros2_ws/build/polygon_plugins
[ 50%] [32mBuilding CXX object CMakeFiles/polygon_plugins.dir/src/polygon_plugins.cpp.o[0m
[01m[K/home/maxim/git/ROS2/ros2_ws/src/polygon_plugins/src/polygon_plugins.cpp:[m[K In member function â€˜[01m[Kvirtual double polygon_plugins::Triangle::area()[m[Kâ€™:
[01m[K/home/maxim/git/ROS2/ros2_ws/src/polygon_plugins/src/polygon_plugins.cpp:32:46:[m[K [01;31m[Kerror: [m[Kâ€˜[01m[Kside_length[m[Kâ€™ was not declared in this scope; did you mean â€˜[01m[Kside_length_[m[Kâ€™?
   32 |                     - ((side_length_ / 2) * ([01;31m[Kside_length[m[K / 2)));
      |                                              [01;31m[K^~~~~~~~~~~[m[K
      |                                              [32m[Kside_length_[m[K
gmake[2]: *** [CMakeFiles/polygon_plugins.dir/build.make:76: CMakeFiles/polygon_plugins.dir/src/polygon_plugins.cpp.o] Error 1
gmake[1]: *** [CMakeFiles/Makefile2:137: CMakeFiles/polygon_plugins.dir/all] Error 2
gmake: *** [Makefile:146: all] Error 2
