[0.129s] Invoking command in '/home/maxim/git/ROS2/ros2_ws/build/cpp_srvcli': CMAKE_PREFIX_PATH=/home/maxim/git/ROS2/ros2_ws/install/tutorial_interfaces:/home/maxim/git/ROS2/ros2_ws/install/cpp_srvcli:/home/maxim/git/ROS2/ros2_ws/install/cpp_pubsub:/home/maxim/git/ROS2/ros2_ws/install/polygon_plugins:/home/maxim/git/ROS2/ros2_ws/install/polygon_base:/home/maxim/git/ROS2/ros2_ws/install/my_package:/home/maxim/git/ROS2/ros2_ws/install/more_interfaces:/home/maxim/git/ROS2/ros2_ws/install/cpp_parameters:/home/maxim/git/ROS2/ros2_ws/install/cpp_parameter_event_handler:/home/maxim/git/ROS2/ros2_ws/install/action_tutorials_cpp:/home/maxim/git/ROS2/ros2_ws/install/action_tutorials_interfaces:/opt/ros/humble LD_LIBRARY_PATH=/home/maxim/git/ROS2/ros2_ws/install/tutorial_interfaces/lib:/home/maxim/git/ROS2/ros2_ws/install/cpp_pubsub/lib:/home/maxim/git/ROS2/ros2_ws/install/polygon_plugins/lib:/home/maxim/git/ROS2/ros2_ws/install/more_interfaces/lib:/home/maxim/git/ROS2/ros2_ws/install/action_tutorials_cpp/lib:/home/maxim/git/ROS2/ros2_ws/install/action_tutorials_interfaces/lib:/usr/lib/x86_64-linux-gnu/gazebo-11/plugins:/opt/ros/humble/opt/rviz_ogre_vendor/lib:/opt/ros/humble/lib/x86_64-linux-gnu:/opt/ros/humble/lib:/usr/share/gazebo/../../lib/x86_64-linux-gnu/gazebo-11/plugins /usr/bin/cmake --build /home/maxim/git/ROS2/ros2_ws/build/cpp_srvcli -- -j12 -l12
[0.188s] -- Found ament_cmake: 1.3.8 (/opt/ros/humble/share/ament_cmake/cmake)
[0.414s] -- Found rclcpp: 16.0.8 (/opt/ros/humble/share/rclcpp/cmake)
[0.490s] -- Found rosidl_generator_c: 3.1.5 (/opt/ros/humble/share/rosidl_generator_c/cmake)
[0.494s] -- Found rosidl_adapter: 3.1.5 (/opt/ros/humble/share/rosidl_adapter/cmake)
[0.505s] -- Found rosidl_generator_cpp: 3.1.5 (/opt/ros/humble/share/rosidl_generator_cpp/cmake)
[0.525s] -- Using all available rosidl_typesupport_c: rosidl_typesupport_fastrtps_c;rosidl_typesupport_introspection_c
[0.553s] -- Using all available rosidl_typesupport_cpp: rosidl_typesupport_fastrtps_cpp;rosidl_typesupport_introspection_cpp
[0.651s] -- Found rmw_implementation_cmake: 6.1.1 (/opt/ros/humble/share/rmw_implementation_cmake/cmake)
[0.654s] -- Found rmw_cyclonedds_cpp: 1.3.4 (/opt/ros/humble/share/rmw_cyclonedds_cpp/cmake)
[0.707s] -- Using RMW implementation 'rmw_cyclonedds_cpp' as default
[0.955s] -- Found rclcpp_components: 16.0.8 (/opt/ros/humble/share/rclcpp_components/cmake)
[1.046s] -- Found tutorial_interfaces: 0.0.0 (/home/maxim/git/ROS2/ros2_ws/install/tutorial_interfaces/share/tutorial_interfaces/cmake)
[1.326s] -- Configuring done
[1.361s] -- Generating done
[1.364s] -- Build files have been written to: /home/maxim/git/ROS2/ros2_ws/build/cpp_srvcli
[1.439s] [ 25%] [32mBuilding CXX object CMakeFiles/client.dir/rclcpp_components/node_main_client.cpp.o[0m
[1.439s] [ 25%] [32mBuilding CXX object CMakeFiles/server_component.dir/src/add_two_ints_server.cpp.o[0m
[1.445s] [ 50%] [32mBuilding CXX object CMakeFiles/server.dir/rclcpp_components/node_main_server.cpp.o[0m
[1.445s] [ 50%] [32mBuilding CXX object CMakeFiles/client_component.dir/src/add_two_ints_client.cpp.o[0m
[140.266s] [01m[K/home/maxim/git/ROS2/ros2_ws/src/cpp_srvcli/src/add_two_ints_server.cpp:[m[K In constructor â€˜[01m[KMinimalServer::MinimalServer(const rclcpp::NodeOptions&)[m[Kâ€™:
[140.267s] [01m[K/home/maxim/git/ROS2/ros2_ws/src/cpp_srvcli/src/add_two_ints_server.cpp:18:9:[m[K [01;31m[Kerror: [m[Kâ€˜[01m[Kserver_[m[Kâ€™ was not declared in this scope
[140.267s]    18 |         [01;31m[Kserver_[m[K = this->create_service<tutorial_interfaces::srv::AddThreeInts>(
[140.268s]       |         [01;31m[K^~~~~~~[m[K
[140.273s] [01m[K/home/maxim/git/ROS2/ros2_ws/src/cpp_srvcli/src/add_two_ints_client.cpp:15:60:[m[K [01;31m[Kerror: [m[Kexpected â€˜[01m[K;[m[Kâ€™ at end of member declaration
[140.273s]    15 |     std::shared_ptr<tutorial_interfaces::srv::AddThreeInts>[01;31m[KSharedPtr[m[K client_;
[140.273s]       |                                                            [01;31m[K^~~~~~~~~[m[K
[140.273s]       |                                                                     [32m[K;[m[K
[140.275s] [01m[K/home/maxim/git/ROS2/ros2_ws/src/cpp_srvcli/src/add_two_ints_client.cpp:15:70:[m[K [01;31m[Kerror: [m[Kâ€˜[01m[Kclient_[m[Kâ€™ does not name a type
[140.275s]    15 |     std::shared_ptr<tutorial_interfaces::srv::AddThreeInts>SharedPtr [01;31m[Kclient_[m[K;
[140.275s]       |                                                                      [01;31m[K^~~~~~~[m[K
[140.284s] [01m[K/home/maxim/git/ROS2/ros2_ws/src/cpp_srvcli/src/add_two_ints_client.cpp:[m[K In constructor â€˜[01m[KMinimalClient::MinimalClient(const rclcpp::NodeOptions&)[m[Kâ€™:
[140.284s] [01m[K/home/maxim/git/ROS2/ros2_ws/src/cpp_srvcli/src/add_two_ints_client.cpp:21:9:[m[K [01;31m[Kerror: [m[Kâ€˜[01m[Kclient_[m[Kâ€™ was not declared in this scope
[140.284s]    21 |         [01;31m[Kclient_[m[K = this->create_client<tutorial_interfaces::rsv::AddThreeInts>("add_three_ints");
[140.284s]       |         [01;31m[K^~~~~~~[m[K
[140.284s] [01m[K/home/maxim/git/ROS2/ros2_ws/src/cpp_srvcli/src/add_two_ints_client.cpp:21:60:[m[K [01;31m[Kerror: [m[Kâ€˜[01m[Krsv[m[Kâ€™ is not a member of â€˜[01m[Ktutorial_interfaces[m[Kâ€™; did you mean â€˜[01m[Ksrv[m[Kâ€™?
[140.284s]    21 |         client_ = this->create_client<tutorial_interfaces::[01;31m[Krsv[m[K::AddThreeInts>("add_three_ints");
[140.284s]       |                                                            [01;31m[K^~~[m[K
[140.284s]       |                                                            [32m[Ksrv[m[K
[140.285s] [01m[K/home/maxim/git/ROS2/ros2_ws/src/cpp_srvcli/src/add_two_ints_client.cpp:21:25:[m[K [01;31m[Kerror: [m[Kparse error in template argument list
[140.285s]    21 |         client_ = this->[01;31m[Kcreate_client<tutorial_interfaces::rsv::AddThreeInts>[m[K("add_three_ints");
[140.285s]       |                         [01;31m[K^~~~~~~~~~~~~~~~~~~~~~~~~~~~~~~~~~~~~~~~~~~~~~~~~~~~~[m[K
[140.285s] [01m[K/home/maxim/git/ROS2/ros2_ws/src/cpp_srvcli/src/add_two_ints_client.cpp:21:78:[m[K [01;31m[Kerror: [m[Kno matching function for call to â€˜[01m[KMinimalClient::create_client<<expression error> >(const char [15])[m[Kâ€™
[140.285s]    21 |         client_ = [01;31m[Kthis->create_client<tutorial_interfaces::rsv::AddThreeInts>("add_three_ints")[m[K;
[140.285s]       |                   [01;31m[K~~~~~~~~~~~~~~~~~~~~~~~~~~~~~~~~~~~~~~~~~~~~~~~~~~~~~~~~~~~^~~~~~~~~~~~~~~~~~[m[K
[140.288s] In file included from [01m[K/opt/ros/humble/include/rclcpp/rclcpp/executors/single_threaded_executor.hpp:28[m[K,
[140.288s]                  from [01m[K/opt/ros/humble/include/rclcpp/rclcpp/executors.hpp:22[m[K,
[140.288s]                  from [01m[K/opt/ros/humble/include/rclcpp/rclcpp/rclcpp.hpp:155[m[K,
[140.289s]                  from [01m[K/home/maxim/git/ROS2/ros2_ws/src/cpp_srvcli/src/add_two_ints_client.cpp:1[m[K:
[140.289s] [01m[K/opt/ros/humble/include/rclcpp/rclcpp/node.hpp:252:3:[m[K [01;36m[Knote: [m[Kcandidate: â€˜[01m[Ktemplate<class ServiceT> typename rclcpp::Client<ServiceT>::SharedPtr rclcpp::Node::create_client(const string&, const rmw_qos_profile_t&, rclcpp::CallbackGroup::SharedPtr)[m[Kâ€™
[140.289s]   252 |   [01;36m[Kcreate_client[m[K(
[140.289s]       |   [01;36m[K^~~~~~~~~~~~~[m[K
[140.289s] [01m[K/opt/ros/humble/include/rclcpp/rclcpp/node.hpp:252:3:[m[K [01;36m[Knote: [m[K  template argument deduction/substitution failed:
[140.289s] [01m[K/home/maxim/git/ROS2/ros2_ws/src/cpp_srvcli/src/add_two_ints_client.cpp:21:78:[m[K [01;31m[Kerror: [m[Ktemplate argument 1 is invalid
[140.289s]    21 |         client_ = [01;31m[Kthis->create_client<tutorial_interfaces::rsv::AddThreeInts>("add_three_ints")[m[K;
[140.289s]       |                   [01;31m[K~~~~~~~~~~~~~~~~~~~~~~~~~~~~~~~~~~~~~~~~~~~~~~~~~~~~~~~~~~~^~~~~~~~~~~~~~~~~~[m[K
[140.304s] [01m[K/home/maxim/git/ROS2/ros2_ws/src/cpp_srvcli/src/add_two_ints_client.cpp:[m[K In member function â€˜[01m[Kvoid MinimalClient::create_and_send_request()[m[Kâ€™:
[140.304s] [01m[K/home/maxim/git/ROS2/ros2_ws/src/cpp_srvcli/src/add_two_ints_client.cpp:33:17:[m[K [01;31m[Kerror: [m[Kâ€˜[01m[Kclient_[m[Kâ€™ was not declared in this scope
[140.304s]    33 |         while (![01;31m[Kclient_[m[K->wait_for_service(1s))
[140.304s]       |                 [01;31m[K^~~~~~~[m[K
[140.307s] [01m[K/home/maxim/git/ROS2/ros2_ws/src/cpp_srvcli/src/add_two_ints_client.cpp:38:24:[m[K [01;31m[Kerror: [m[Kreturn-statement with a value, in function returning â€˜[01m[Kvoid[m[Kâ€™ [[01;31m[K]8;;https://gcc.gnu.org/onlinedocs/gcc/Warning-Options.html#index-fpermissive-fpermissive]8;;[m[K]
[140.307s]    38 |                 return [01;31m[K0[m[K;
[140.307s]       |                        [01;31m[K^[m[K
[140.317s] [01m[K/home/maxim/git/ROS2/ros2_ws/src/cpp_srvcli/src/add_two_ints_client.cpp:44:23:[m[K [01;31m[Kerror: [m[Kâ€˜[01m[Kclient_[m[Kâ€™ was not declared in this scope
[140.317s]    44 |         auto result = [01;31m[Kclient_[m[K->async_send_request(request);
[140.318s]       |                       [01;31m[K^~~~~~~[m[K
[140.866s] gmake[2]: *** [CMakeFiles/client_component.dir/build.make:76: CMakeFiles/client_component.dir/src/add_two_ints_client.cpp.o] Error 1
[140.866s] gmake[1]: *** [CMakeFiles/Makefile2:169: CMakeFiles/client_component.dir/all] Error 2
[140.867s] gmake[1]: *** Waiting for unfinished jobs....
[140.925s] gmake[2]: *** [CMakeFiles/server_component.dir/build.make:76: CMakeFiles/server_component.dir/src/add_two_ints_server.cpp.o] Error 1
[140.925s] gmake[1]: *** [CMakeFiles/Makefile2:143: CMakeFiles/server_component.dir/all] Error 2
[141.151s] [ 75%] [32m[1mLinking CXX executable server[0m
[141.153s] [ 75%] [32m[1mLinking CXX executable client[0m
[141.384s] [ 75%] Built target server
[141.389s] [ 75%] Built target client
[141.393s] gmake: *** [Makefile:146: all] Error 2
[141.409s] Invoked command in '/home/maxim/git/ROS2/ros2_ws/build/cpp_srvcli' returned '2': CMAKE_PREFIX_PATH=/home/maxim/git/ROS2/ros2_ws/install/tutorial_interfaces:/home/maxim/git/ROS2/ros2_ws/install/cpp_srvcli:/home/maxim/git/ROS2/ros2_ws/install/cpp_pubsub:/home/maxim/git/ROS2/ros2_ws/install/polygon_plugins:/home/maxim/git/ROS2/ros2_ws/install/polygon_base:/home/maxim/git/ROS2/ros2_ws/install/my_package:/home/maxim/git/ROS2/ros2_ws/install/more_interfaces:/home/maxim/git/ROS2/ros2_ws/install/cpp_parameters:/home/maxim/git/ROS2/ros2_ws/install/cpp_parameter_event_handler:/home/maxim/git/ROS2/ros2_ws/install/action_tutorials_cpp:/home/maxim/git/ROS2/ros2_ws/install/action_tutorials_interfaces:/opt/ros/humble LD_LIBRARY_PATH=/home/maxim/git/ROS2/ros2_ws/install/tutorial_interfaces/lib:/home/maxim/git/ROS2/ros2_ws/install/cpp_pubsub/lib:/home/maxim/git/ROS2/ros2_ws/install/polygon_plugins/lib:/home/maxim/git/ROS2/ros2_ws/install/more_interfaces/lib:/home/maxim/git/ROS2/ros2_ws/install/action_tutorials_cpp/lib:/home/maxim/git/ROS2/ros2_ws/install/action_tutorials_interfaces/lib:/usr/lib/x86_64-linux-gnu/gazebo-11/plugins:/opt/ros/humble/opt/rviz_ogre_vendor/lib:/opt/ros/humble/lib/x86_64-linux-gnu:/opt/ros/humble/lib:/usr/share/gazebo/../../lib/x86_64-linux-gnu/gazebo-11/plugins /usr/bin/cmake --build /home/maxim/git/ROS2/ros2_ws/build/cpp_srvcli -- -j12 -l12
