[0.062s] Invoking command in '/home/maxim/git/ROS2/ros2_ws/build/cpp_pubsub': CMAKE_PREFIX_PATH=${CMAKE_PREFIX_PATH}:/opt/ros/humble /usr/bin/cmake /home/maxim/git/ROS2/ros2_ws/src/cpp_pubsub -DCMAKE_INSTALL_PREFIX=/home/maxim/git/ROS2/ros2_ws/install/cpp_pubsub
[0.093s] -- Found ament_cmake: 1.3.8 (/opt/ros/humble/share/ament_cmake/cmake)
[0.209s] -- Found rclcpp: 16.0.8 (/opt/ros/humble/share/rclcpp/cmake)
[0.246s] -- Found rosidl_generator_c: 3.1.5 (/opt/ros/humble/share/rosidl_generator_c/cmake)
[0.248s] -- Found rosidl_adapter: 3.1.5 (/opt/ros/humble/share/rosidl_adapter/cmake)
[0.254s] -- Found rosidl_generator_cpp: 3.1.5 (/opt/ros/humble/share/rosidl_generator_cpp/cmake)
[0.265s] -- Using all available rosidl_typesupport_c: rosidl_typesupport_fastrtps_c;rosidl_typesupport_introspection_c
[0.289s] -- Using all available rosidl_typesupport_cpp: rosidl_typesupport_fastrtps_cpp;rosidl_typesupport_introspection_cpp
[0.345s] -- Found rmw_implementation_cmake: 6.1.1 (/opt/ros/humble/share/rmw_implementation_cmake/cmake)
[0.346s] -- Found rmw_fastrtps_cpp: 6.2.6 (/opt/ros/humble/share/rmw_fastrtps_cpp/cmake)
[0.475s] -- Using RMW implementation 'rmw_fastrtps_cpp' as default
[0.683s] -- Configuring done
[0.696s] -- Generating done
[0.698s] -- Build files have been written to: /home/maxim/git/ROS2/ros2_ws/build/cpp_pubsub
[0.705s] Invoked command in '/home/maxim/git/ROS2/ros2_ws/build/cpp_pubsub' returned '0': CMAKE_PREFIX_PATH=${CMAKE_PREFIX_PATH}:/opt/ros/humble /usr/bin/cmake /home/maxim/git/ROS2/ros2_ws/src/cpp_pubsub -DCMAKE_INSTALL_PREFIX=/home/maxim/git/ROS2/ros2_ws/install/cpp_pubsub
[0.707s] Invoking command in '/home/maxim/git/ROS2/ros2_ws/build/cpp_pubsub': CMAKE_PREFIX_PATH=${CMAKE_PREFIX_PATH}:/opt/ros/humble /usr/bin/cmake --build /home/maxim/git/ROS2/ros2_ws/build/cpp_pubsub -- -j12 -l12
[0.780s] [ 25%] [32mBuilding CXX object CMakeFiles/listener.dir/src/subscriber_member_function.cpp.o[0m
[0.789s] [ 50%] [32mBuilding CXX object CMakeFiles/talker.dir/src/publisher_member_function.cpp.o[0m
[2.902s] [01m[K/home/maxim/git/ROS2/ros2_ws/src/cpp_pubsub/src/publisher_member_function.cpp:11:7:[m[K [01;31m[Kerror: [m[Kexpected nested-name-specifier before â€˜[01m[Knamesapce[m[Kâ€™
[2.902s]    11 | using [01;31m[Knamesapce[m[K std::chrono_literals; // to be able use 1000ms
[2.902s]       |       [01;31m[K^~~~~~~~~[m[K
[2.903s] [01m[K/home/maxim/git/ROS2/ros2_ws/src/cpp_pubsub/src/subscriber_member_function.cpp:10:9:[m[K [01;31m[Kerror: [m[Kâ€˜[01m[Krclcpp[m[Kâ€™ in namespace â€˜[01m[Krclcpp[m[Kâ€™ does not name a type
[2.903s]    10 | rclcpp::[01;31m[Krclcpp[m[K::Subscription<std_msgs::msg::String>::SharedPtr subscriber_;
[2.903s]       |         [01;31m[K^~~~~~[m[K
[2.907s] [01m[K/home/maxim/git/ROS2/ros2_ws/src/cpp_pubsub/src/publisher_member_function.cpp:[m[K In constructor â€˜[01m[KMinimalPublisher::MinimalPublisher()[m[Kâ€™:
[2.908s] [01m[K/home/maxim/git/ROS2/ros2_ws/src/cpp_pubsub/src/publisher_member_function.cpp:32:13:[m[K [01;31m[Kerror: [m[Kunable to find numeric literal operator â€˜[01m[Koperator""ms[m[Kâ€™
[2.908s]    32 |             [01;31m[K1000ms[m[K,
[2.908s]       |             [01;31m[K^~~~~~[m[K
[2.909s] [01m[K/home/maxim/git/ROS2/ros2_ws/src/cpp_pubsub/src/subscriber_member_function.cpp:[m[K In constructor â€˜[01m[KMinimalSubscriber::MinimalSubscriber()[m[Kâ€™:
[2.909s] [01m[K/home/maxim/git/ROS2/ros2_ws/src/cpp_pubsub/src/subscriber_member_function.cpp:16:9:[m[K [01;31m[Kerror: [m[Kâ€˜[01m[Ksubscriber_[m[Kâ€™ was not declared in this scope
[2.909s]    16 |         [01;31m[Ksubscriber_[m[K = this->create_subscription<std_msgs::msg::String>(
[2.909s]       |         [01;31m[K^~~~~~~~~~~[m[K
[2.911s] In file included from [01m[K/opt/ros/humble/include/rclcpp/rclcpp/logging.hpp:24[m[K,
[2.911s]                  from [01m[K/opt/ros/humble/include/rclcpp/rclcpp/client.hpp:40[m[K,
[2.912s]                  from [01m[K/opt/ros/humble/include/rclcpp/rclcpp/callback_group.hpp:24[m[K,
[2.912s]                  from [01m[K/opt/ros/humble/include/rclcpp/rclcpp/any_executable.hpp:20[m[K,
[2.912s]                  from [01m[K/opt/ros/humble/include/rclcpp/rclcpp/memory_strategy.hpp:25[m[K,
[2.912s]                  from [01m[K/opt/ros/humble/include/rclcpp/rclcpp/memory_strategies.hpp:18[m[K,
[2.912s]                  from [01m[K/opt/ros/humble/include/rclcpp/rclcpp/executor_options.hpp:20[m[K,
[2.912s]                  from [01m[K/opt/ros/humble/include/rclcpp/rclcpp/executor.hpp:37[m[K,
[2.912s]                  from [01m[K/opt/ros/humble/include/rclcpp/rclcpp/executors/multi_threaded_executor.hpp:25[m[K,
[2.912s]                  from [01m[K/opt/ros/humble/include/rclcpp/rclcpp/executors.hpp:21[m[K,
[2.913s]                  from [01m[K/opt/ros/humble/include/rclcpp/rclcpp/rclcpp.hpp:155[m[K,
[2.913s]                  from [01m[K/home/maxim/git/ROS2/ros2_ws/src/cpp_pubsub/src/publisher_member_function.cpp:7[m[K:
[2.913s] [01m[K/home/maxim/git/ROS2/ros2_ws/src/cpp_pubsub/src/publisher_member_function.cpp:[m[K In member function â€˜[01m[Kvoid MinimalPublisher::timer_callback()[m[Kâ€™:
[2.913s] [01m[K/home/maxim/git/ROS2/ros2_ws/src/cpp_pubsub/src/publisher_member_function.cpp:40:60:[m[K [01;31m[Kerror: [m[Kexpected â€˜[01m[K)[m[Kâ€™ before â€˜[01m[Kmessage[m[Kâ€™
[2.913s]    40 |         RCLCPP_INFO(this->get_logger(), "Publishing: '%s'" [01;31m[Kmessage[m[K.data.c_str()); // print every published message in console
[2.913s]       |                                                            [01;31m[K^~~~~~~[m[K
[2.913s] [01m[K/home/maxim/git/ROS2/ros2_ws/src/cpp_pubsub/src/publisher_member_function.cpp:40:9:[m[K [01;36m[Knote: [m[Kto match this â€˜[01m[K([m[Kâ€™
[2.913s]    40 |         [01;36m[KRCLCPP_INFO[m[K(this->get_logger(), "Publishing: '%s'" message.data.c_str()); // print every published message in console
[2.913s]       |         [01;36m[K^~~~~~~~~~~[m[K
[2.914s] [01m[K/home/maxim/git/ROS2/ros2_ws/src/cpp_pubsub/src/publisher_member_function.cpp:40:41:[m[K [01;35m[Kwarning: [m[Kformat â€˜[01m[K%s[m[Kâ€™ expects a matching â€˜[01m[Kchar*[m[Kâ€™ argument [[01;35m[K]8;;https://gcc.gnu.org/onlinedocs/gcc/Warning-Options.html#index-Wformat=-Wformat=]8;;[m[K]
[2.914s]    40 |         RCLCPP_INFO(this->get_logger(), [01;35m[K"Publishing: '%s'"[m[K message.data.c_str()); // print every published message in console
[2.914s]       |                                         [01;35m[K^~~~~~~~~~~~~~~~~~[m[K
[2.914s] [01m[K/home/maxim/git/ROS2/ros2_ws/src/cpp_pubsub/src/publisher_member_function.cpp:40:56:[m[K [01;36m[Knote: [m[Kformat string is defined here
[2.914s]    40 |         RCLCPP_INFO(this->get_logger(), "Publishing: '[01;36m[K%s[m[K'" message.data.c_str()); // print every published message in console
[2.914s]       |                                                       [01;36m[K~^[m[K
[2.914s]       |                                                        [01;36m[K|[m[K
[2.914s]       |                                                        [01;36m[Kchar*[m[K
[3.610s] gmake[2]: *** [CMakeFiles/talker.dir/build.make:76: CMakeFiles/talker.dir/src/publisher_member_function.cpp.o] Error 1
[3.611s] gmake[1]: *** [CMakeFiles/Makefile2:139: CMakeFiles/talker.dir/all] Error 2
[3.611s] gmake[1]: *** Waiting for unfinished jobs....
[4.838s] gmake[2]: *** [CMakeFiles/listener.dir/build.make:76: CMakeFiles/listener.dir/src/subscriber_member_function.cpp.o] Error 1
[4.838s] gmake[1]: *** [CMakeFiles/Makefile2:165: CMakeFiles/listener.dir/all] Error 2
[4.839s] gmake: *** [Makefile:146: all] Error 2
[4.848s] Invoked command in '/home/maxim/git/ROS2/ros2_ws/build/cpp_pubsub' returned '2': CMAKE_PREFIX_PATH=${CMAKE_PREFIX_PATH}:/opt/ros/humble /usr/bin/cmake --build /home/maxim/git/ROS2/ros2_ws/build/cpp_pubsub -- -j12 -l12
