[0.074s] Invoking command in '/home/maxim/git/ROS2/ros2_ws/build/action_tutorials_cpp': CMAKE_PREFIX_PATH=${CMAKE_PREFIX_PATH}:/opt/ros/humble LD_LIBRARY_PATH=/home/maxim/git/ROS2/ros2_ws/install/action_tutorials_interfaces/lib:/home/maxim/git/ROS2/ros2_ws/install/tutorial_interfaces/lib:/home/maxim/git/ROS2/ros2_ws/install/polygon_plugins/lib:/home/maxim/git/ROS2/ros2_ws/install/more_interfaces/lib:/usr/lib/x86_64-linux-gnu/gazebo-11/plugins:/opt/ros/humble/opt/rviz_ogre_vendor/lib:/opt/ros/humble/lib/x86_64-linux-gnu:/opt/ros/humble/lib:/usr/share/gazebo/../../lib/x86_64-linux-gnu/gazebo-11/plugins:/usr/share/gazebo/../../lib/x86_64-linux-gnu/gazebo-11/plugins:/usr/share/gazebo/../../lib/x86_64-linux-gnu/gazebo-11/plugins /usr/bin/cmake --build /home/maxim/git/ROS2/ros2_ws/build/action_tutorials_cpp -- -j12 -l12
[0.159s] [35m[1mConsolidate compiler generated dependencies of target fibonacci_action_server[0m
[0.162s] [ 25%] [32mBuilding CXX object CMakeFiles/action_server.dir/src/fibonacci_action_server.cpp.o[0m
[0.183s] [ 75%] Built target fibonacci_action_server
[2.289s] [01m[K/home/maxim/git/ROS2/ros2_ws/src/action_tutorials_cpp/src/fibonacci_action_server.cpp:16:27:[m[K [01;31m[Kerror: [m[Kâ€˜[01m[KFibonacci[m[Kâ€™ was not declared in this scope; did you mean â€˜[01m[Kaction_tutorials_interfaces::action::Fibonacci[m[Kâ€™?
[2.289s]    16 |     rclcpp_action::Server<[01;31m[KFibonacci[m[K>::SharedPtr action_server_;
[2.290s]       |                           [01;31m[K^~~~~~~~~[m[K
[2.290s]       |                           [32m[Kaction_tutorials_interfaces::action::Fibonacci[m[K
[2.290s] In file included from [01m[K/home/maxim/git/ROS2/ros2_ws/install/action_tutorials_interfaces/include/action_tutorials_interfaces/action_tutorials_interfaces/action/fibonacci.hpp:7[m[K,
[2.290s]                  from [01m[K/home/maxim/git/ROS2/ros2_ws/src/action_tutorials_cpp/src/fibonacci_action_server.cpp:6[m[K:
[2.290s] [01m[K/home/maxim/git/ROS2/ros2_ws/install/action_tutorials_interfaces/include/action_tutorials_interfaces/action_tutorials_interfaces/action/detail/fibonacci__struct.hpp:1041:26:[m[K [01;36m[Knote: [m[Kâ€˜[01m[Kaction_tutorials_interfaces::action::Fibonacci[m[Kâ€™ declared here
[2.290s]  1041 | typedef struct Fibonacci [01;36m[KFibonacci[m[K;
[2.290s]       |                          [01;36m[K^~~~~~~~~[m[K
[2.290s] [01m[K/home/maxim/git/ROS2/ros2_ws/src/action_tutorials_cpp/src/fibonacci_action_server.cpp:16:36:[m[K [01;31m[Kerror: [m[Ktemplate argument 1 is invalid
[2.290s]    16 |     rclcpp_action::Server<Fibonacci[01;31m[K>[m[K::SharedPtr action_server_;
[2.291s]       |                                    [01;31m[K^[m[K
[2.291s] [01m[K/home/maxim/git/ROS2/ros2_ws/src/action_tutorials_cpp/src/fibonacci_action_server.cpp:16:39:[m[K [01;31m[Kerror: [m[Kexpected â€˜[01m[K;[m[Kâ€™ at end of member declaration
[2.291s]    16 |     rclcpp_action::Server<Fibonacci>::[01;31m[KSharedPtr[m[K action_server_;
[2.291s]       |                                       [01;31m[K^~~~~~~~~[m[K
[2.291s]       |                                                [32m[K;[m[K
[2.292s] [01m[K/home/maxim/git/ROS2/ros2_ws/src/action_tutorials_cpp/src/fibonacci_action_server.cpp:16:49:[m[K [01;31m[Kerror: [m[Kâ€˜[01m[Kaction_server_[m[Kâ€™ does not name a type; did you mean â€˜[01m[Krcl_action_server_t[m[Kâ€™?
[2.292s]    16 |     rclcpp_action::Server<Fibonacci>::SharedPtr [01;31m[Kaction_server_[m[K;
[2.292s]       |                                                 [01;31m[K^~~~~~~~~~~~~~[m[K
[2.292s]       |                                                 [32m[Krcl_action_server_t[m[K
[2.295s] [01m[K/home/maxim/git/ROS2/ros2_ws/src/action_tutorials_cpp/src/fibonacci_action_server.cpp:19:23:[m[K [01;31m[Kerror: [m[Kâ€˜[01m[Kaction_tutorial_interfaces[m[Kâ€™ does not name a type
[2.296s]    19 |     using Fibonacci = [01;31m[Kaction_tutorial_interfaces[m[K::action::Fibonacci;
[2.296s]       |                       [01;31m[K^~~~~~~~~~~~~~~~~~~~~~~~~~[m[K
[2.296s] [01m[K/home/maxim/git/ROS2/ros2_ws/src/action_tutorials_cpp/src/fibonacci_action_server.cpp:21:66:[m[K [01;31m[Kerror: [m[Kâ€˜[01m[KFibonacci[m[Kâ€™ was not declared in this scope; did you mean â€˜[01m[Kaction_tutorials_interfaces::action::Fibonacci[m[Kâ€™?
[2.296s]    21 |     using GoalHandlerFibonacci = rclcpp_action::ServerGoalHandle<[01;31m[KFibonacci[m[K>;
[2.296s]       |                                                                  [01;31m[K^~~~~~~~~[m[K
[2.296s]       |                                                                  [32m[Kaction_tutorials_interfaces::action::Fibonacci[m[K
[2.296s] In file included from [01m[K/home/maxim/git/ROS2/ros2_ws/install/action_tutorials_interfaces/include/action_tutorials_interfaces/action_tutorials_interfaces/action/fibonacci.hpp:7[m[K,
[2.297s]                  from [01m[K/home/maxim/git/ROS2/ros2_ws/src/action_tutorials_cpp/src/fibonacci_action_server.cpp:6[m[K:
[2.297s] [01m[K/home/maxim/git/ROS2/ros2_ws/install/action_tutorials_interfaces/include/action_tutorials_interfaces/action_tutorials_interfaces/action/detail/fibonacci__struct.hpp:1041:26:[m[K [01;36m[Knote: [m[Kâ€˜[01m[Kaction_tutorials_interfaces::action::Fibonacci[m[Kâ€™ declared here
[2.297s]  1041 | typedef struct Fibonacci [01;36m[KFibonacci[m[K;
[2.297s]       |                          [01;36m[K^~~~~~~~~[m[K
[2.297s] [01m[K/home/maxim/git/ROS2/ros2_ws/src/action_tutorials_cpp/src/fibonacci_action_server.cpp:21:75:[m[K [01;31m[Kerror: [m[Ktemplate argument 1 is invalid
[2.297s]    21 |     using GoalHandlerFibonacci = rclcpp_action::ServerGoalHandle<Fibonacci[01;31m[K>[m[K;
[2.297s]       |                                                                           [01;31m[K^[m[K
[2.297s] [01m[K/home/maxim/git/ROS2/ros2_ws/src/action_tutorials_cpp/src/fibonacci_action_server.cpp:51:40:[m[K [01;31m[Kerror: [m[KISO C++ forbids declaration of â€˜[01m[Ktype name[m[Kâ€™ with no type [[01;31m[K]8;;https://gcc.gnu.org/onlinedocs/gcc/Warning-Options.html#index-fpermissive-fpermissive]8;;[m[K]
[2.297s]    51 |         std::shared_ptr<const Fibonnaci[01;31m[K::[m[KGoal> goal)
[2.297s]       |                                        [01;31m[K^~[m[K
[2.298s] [01m[K/home/maxim/git/ROS2/ros2_ws/src/action_tutorials_cpp/src/fibonacci_action_server.cpp:51:46:[m[K [01;31m[Kerror: [m[Ktemplate argument 1 is invalid
[2.298s]    51 |         std::shared_ptr<const Fibonnaci::Goal[01;31m[K>[m[K goal)
[2.298s]       |                                              [01;31m[K^[m[K
[2.298s] [01m[K/home/maxim/git/ROS2/ros2_ws/src/action_tutorials_cpp/src/fibonacci_action_server.cpp:51:40:[m[K [01;31m[Kerror: [m[KISO C++ forbids declaration of â€˜[01m[Ktype name[m[Kâ€™ with no type [[01;31m[K]8;;https://gcc.gnu.org/onlinedocs/gcc/Warning-Options.html#index-fpermissive-fpermissive]8;;[m[K]
[2.298s]    51 |         std::shared_ptr<const Fibonnaci[01;31m[K::[m[KGoal> goal)
[2.298s]       |                                        [01;31m[K^~[m[K
[2.298s] [01m[K/home/maxim/git/ROS2/ros2_ws/src/action_tutorials_cpp/src/fibonacci_action_server.cpp:51:46:[m[K [01;31m[Kerror: [m[Ktemplate argument 1 is invalid
[2.298s]    51 |         std::shared_ptr<const Fibonnaci::Goal[01;31m[K>[m[K goal)
[2.298s]       |                                              [01;31m[K^[m[K
[2.298s] [01m[K/home/maxim/git/ROS2/ros2_ws/src/action_tutorials_cpp/src/fibonacci_action_server.cpp:51:40:[m[K [01;31m[Kerror: [m[KISO C++ forbids declaration of â€˜[01m[Ktype name[m[Kâ€™ with no type [[01;31m[K]8;;https://gcc.gnu.org/onlinedocs/gcc/Warning-Options.html#index-fpermissive-fpermissive]8;;[m[K]
[2.298s]    51 |         std::shared_ptr<const Fibonnaci[01;31m[K::[m[KGoal> goal)
[2.299s]       |                                        [01;31m[K^~[m[K
[2.299s] [01m[K/home/maxim/git/ROS2/ros2_ws/src/action_tutorials_cpp/src/fibonacci_action_server.cpp:51:46:[m[K [01;31m[Kerror: [m[Ktemplate argument 1 is invalid
[2.299s]    51 |         std::shared_ptr<const Fibonnaci::Goal[01;31m[K>[m[K goal)
[2.299s]       |                                              [01;31m[K^[m[K
[2.299s] [01m[K/home/maxim/git/ROS2/ros2_ws/src/action_tutorials_cpp/src/fibonacci_action_server.cpp:51:9:[m[K [01;31m[Kerror: [m[Kinvalid template-id
[2.299s]    51 |         [01;31m[Kstd[m[K::shared_ptr<const Fibonnaci::Goal> goal)
[2.300s]       |         [01;31m[K^~~[m[K
[2.300s] [01m[K/home/maxim/git/ROS2/ros2_ws/src/action_tutorials_cpp/src/fibonacci_action_server.cpp:51:40:[m[K [01;31m[Kerror: [m[KISO C++ forbids declaration of â€˜[01m[Ktype name[m[Kâ€™ with no type [[01;31m[K]8;;https://gcc.gnu.org/onlinedocs/gcc/Warning-Options.html#index-fpermissive-fpermissive]8;;[m[K]
[2.300s]    51 |         std::shared_ptr<const Fibonnaci[01;31m[K::[m[KGoal> goal)
[2.300s]       |                                        [01;31m[K^~[m[K
[2.300s] [01m[K/home/maxim/git/ROS2/ros2_ws/src/action_tutorials_cpp/src/fibonacci_action_server.cpp:51:25:[m[K [01;31m[Kerror: [m[Kexpected primary-expression before â€˜[01m[Kconst[m[Kâ€™
[2.300s]    51 |         std::shared_ptr<[01;31m[Kconst[m[K Fibonnaci::Goal> goal)
[2.300s]       |                         [01;31m[K^~~~~[m[K
[2.301s] [01m[K/home/maxim/git/ROS2/ros2_ws/src/action_tutorials_cpp/src/fibonacci_action_server.cpp:51:25:[m[K [01;31m[Kerror: [m[Kexpected â€˜[01m[K>[m[Kâ€™ before â€˜[01m[Kconst[m[Kâ€™
[2.301s] [01m[K/home/maxim/git/ROS2/ros2_ws/src/action_tutorials_cpp/src/fibonacci_action_server.cpp:51:9:[m[K [01;31m[Kerror: [m[Kclass template placeholder â€˜[01m[Kstd::shared_ptr[m[Kâ€™ not permitted in this context
[2.301s]    51 |         [01;31m[Kstd[m[K::shared_ptr<const Fibonnaci::Goal> goal)
[2.301s]       |         [01;31m[K^~~[m[K
[2.306s] [01m[K/home/maxim/git/ROS2/ros2_ws/src/action_tutorials_cpp/src/fibonacci_action_server.cpp:61:31:[m[K [01;31m[Kerror: [m[Kâ€˜[01m[KGoalHandlerFibonacci[m[Kâ€™ was not declared in this scope
[2.306s]    61 |         const std::shared_ptr<[01;31m[KGoalHandlerFibonacci[m[K> goal_handle)
[2.307s]       |                               [01;31m[K^~~~~~~~~~~~~~~~~~~~[m[K
[2.307s] [01m[K/home/maxim/git/ROS2/ros2_ws/src/action_tutorials_cpp/src/fibonacci_action_server.cpp:61:51:[m[K [01;31m[Kerror: [m[Ktemplate argument 1 is invalid
[2.307s]    61 |         const std::shared_ptr<GoalHandlerFibonacci[01;31m[K>[m[K goal_handle)
[2.307s]       |                                                   [01;31m[K^[m[K
[2.316s] [01m[K/home/maxim/git/ROS2/ros2_ws/src/action_tutorials_cpp/src/fibonacci_action_server.cpp:70:48:[m[K [01;31m[Kerror: [m[Kâ€˜[01m[KGoalHandlerFibonacci[m[Kâ€™ was not declared in this scope
[2.316s]    70 |     void handle_accepted(const std::shared_ptr<[01;31m[KGoalHandlerFibonacci[m[K> goal_handle)
[2.316s]       |                                                [01;31m[K^~~~~~~~~~~~~~~~~~~~[m[K
[2.316s] [01m[K/home/maxim/git/ROS2/ros2_ws/src/action_tutorials_cpp/src/fibonacci_action_server.cpp:70:68:[m[K [01;31m[Kerror: [m[Ktemplate argument 1 is invalid
[2.316s]    70 |     void handle_accepted(const std::shared_ptr<GoalHandlerFibonacci[01;31m[K>[m[K goal_handle)
[2.316s]       |                                                                    [01;31m[K^[m[K
[2.325s] [01m[K/home/maxim/git/ROS2/ros2_ws/src/action_tutorials_cpp/src/fibonacci_action_server.cpp:79:40:[m[K [01;31m[Kerror: [m[Kâ€˜[01m[KGoalHandlerFibonacci[m[Kâ€™ was not declared in this scope
[2.325s]    79 |     void execute(const std::shared_ptr<[01;31m[KGoalHandlerFibonacci[m[K> goal_handle)
[2.325s]       |                                        [01;31m[K^~~~~~~~~~~~~~~~~~~~[m[K
[2.326s] [01m[K/home/maxim/git/ROS2/ros2_ws/src/action_tutorials_cpp/src/fibonacci_action_server.cpp:79:60:[m[K [01;31m[Kerror: [m[Ktemplate argument 1 is invalid
[2.326s]    79 |     void execute(const std::shared_ptr<GoalHandlerFibonacci[01;31m[K>[m[K goal_handle)
[2.326s]       |                                                            [01;31m[K^[m[K
[2.326s] [01m[K/home/maxim/git/ROS2/ros2_ws/src/action_tutorials_cpp/src/fibonacci_action_server.cpp:[m[K In constructor â€˜[01m[Kaction_tutorials_cpp::FibonacciActionServer::FibonacciActionServer(const rclcpp::NodeOptions&)[m[Kâ€™:
[2.326s] [01m[K/home/maxim/git/ROS2/ros2_ws/src/action_tutorials_cpp/src/fibonacci_action_server.cpp:39:15:[m[K [01;31m[Kerror: [m[Kâ€˜[01m[Kclass action_tutorials_cpp::FibonacciActionServer[m[Kâ€™ has no member named â€˜[01m[Kaction_server_[m[Kâ€™
[2.327s]    39 |         this->[01;31m[Kaction_server_[m[K = rclcpp_action::create_server<Fibonacci>(
[2.327s]       |               [01;31m[K^~~~~~~~~~~~~~[m[K
[2.327s] [01m[K/home/maxim/git/ROS2/ros2_ws/src/action_tutorials_cpp/src/fibonacci_action_server.cpp:39:61:[m[K [01;31m[Kerror: [m[Kâ€˜[01m[KFibonacci[m[Kâ€™ was not declared in this scope; did you mean â€˜[01m[Kaction_tutorials_interfaces::action::Fibonacci[m[Kâ€™?
[2.327s]    39 |         this->action_server_ = rclcpp_action::create_server<[01;31m[KFibonacci[m[K>(
[2.327s]       |                                                             [01;31m[K^~~~~~~~~[m[K
[2.327s]       |                                                             [32m[Kaction_tutorials_interfaces::action::Fibonacci[m[K
[2.328s] In file included from [01m[K/home/maxim/git/ROS2/ros2_ws/install/action_tutorials_interfaces/include/action_tutorials_interfaces/action_tutorials_interfaces/action/fibonacci.hpp:7[m[K,
[2.328s]                  from [01m[K/home/maxim/git/ROS2/ros2_ws/src/action_tutorials_cpp/src/fibonacci_action_server.cpp:6[m[K:
[2.328s] [01m[K/home/maxim/git/ROS2/ros2_ws/install/action_tutorials_interfaces/include/action_tutorials_interfaces/action_tutorials_interfaces/action/detail/fibonacci__struct.hpp:1041:26:[m[K [01;36m[Knote: [m[Kâ€˜[01m[Kaction_tutorials_interfaces::action::Fibonacci[m[Kâ€™ declared here
[2.328s]  1041 | typedef struct Fibonacci [01;36m[KFibonacci[m[K;
[2.328s]       |                          [01;36m[K^~~~~~~~~[m[K
[2.331s] [01m[K/home/maxim/git/ROS2/ros2_ws/src/action_tutorials_cpp/src/fibonacci_action_server.cpp:42:73:[m[K [01;31m[Kerror: [m[Kexpected â€˜[01m[K)[m[Kâ€™ before â€˜[01m[K;[m[Kâ€™ token
[2.332s]    42 |             std::bind(&FibonacciActionServer::handle_goal, this, _1, _2)[01;31m[K;[m[K
[2.332s]       |                                                                         [01;31m[K^[m[K
[2.332s] [01m[K/home/maxim/git/ROS2/ros2_ws/src/action_tutorials_cpp/src/fibonacci_action_server.cpp:39:71:[m[K [01;36m[Knote: [m[Kto match this â€˜[01m[K([m[Kâ€™
[2.332s]    39 |         this->action_server_ = rclcpp_action::create_server<Fibonacci>[01;36m[K([m[K
[2.332s]       |                                                                       [01;36m[K^[m[K
[2.336s] [01m[K/home/maxim/git/ROS2/ros2_ws/src/action_tutorials_cpp/src/fibonacci_action_server.cpp:45:9:[m[K [01;31m[Kerror: [m[Kexpected primary-expression before â€˜[01m[K)[m[Kâ€™ token
[2.337s]    45 |         [01;31m[K)[m[K
[2.337s]       |         [01;31m[K^[m[K
[2.341s] In file included from [01m[K/opt/ros/humble/include/rclcpp/rclcpp/logging.hpp:24[m[K,
[2.342s]                  from [01m[K/opt/ros/humble/include/rclcpp/rclcpp/client.hpp:40[m[K,
[2.342s]                  from [01m[K/opt/ros/humble/include/rclcpp/rclcpp/callback_group.hpp:24[m[K,
[2.342s]                  from [01m[K/opt/ros/humble/include/rclcpp/rclcpp/any_executable.hpp:20[m[K,
[2.342s]                  from [01m[K/opt/ros/humble/include/rclcpp/rclcpp/memory_strategy.hpp:25[m[K,
[2.342s]                  from [01m[K/opt/ros/humble/include/rclcpp/rclcpp/memory_strategies.hpp:18[m[K,
[2.342s]                  from [01m[K/opt/ros/humble/include/rclcpp/rclcpp/executor_options.hpp:20[m[K,
[2.342s]                  from [01m[K/opt/ros/humble/include/rclcpp/rclcpp/executor.hpp:37[m[K,
[2.342s]                  from [01m[K/opt/ros/humble/include/rclcpp/rclcpp/executors/multi_threaded_executor.hpp:25[m[K,
[2.342s]                  from [01m[K/opt/ros/humble/include/rclcpp/rclcpp/executors.hpp:21[m[K,
[2.342s]                  from [01m[K/opt/ros/humble/include/rclcpp/rclcpp/rclcpp.hpp:155[m[K,
[2.342s]                  from [01m[K/home/maxim/git/ROS2/ros2_ws/src/action_tutorials_cpp/src/fibonacci_action_server.cpp:5[m[K:
[2.343s] [01m[K/home/maxim/git/ROS2/ros2_ws/src/action_tutorials_cpp/src/fibonacci_action_server.cpp:[m[K In member function â€˜[01m[Krclcpp_action::GoalResponse action_tutorials_cpp::FibonacciActionServer::handle_goal(...)[m[Kâ€™:
[2.343s] [01m[K/home/maxim/git/ROS2/ros2_ws/src/action_tutorials_cpp/src/fibonacci_action_server.cpp:53:80:[m[K [01;31m[Kerror: [m[Kâ€˜[01m[Kgoal[m[Kâ€™ was not declared in this scope
[2.343s]    53 |         RCLCPP_INFO(this->get_logger(), "Received goal request with order %d", [01;31m[Kgoal[m[K->order);
[2.343s]       |                                                                                [01;31m[K^~~~[m[K
[2.343s] [01m[K/home/maxim/git/ROS2/ros2_ws/src/action_tutorials_cpp/src/fibonacci_action_server.cpp:[m[K In member function â€˜[01m[Kvoid action_tutorials_cpp::FibonacciActionServer::execute(int)[m[Kâ€™:
[2.344s] [01m[K/home/maxim/git/ROS2/ros2_ws/src/action_tutorials_cpp/src/fibonacci_action_server.cpp:86:38:[m[K [01;31m[Kerror: [m[Kbase operand of â€˜[01m[K->[m[Kâ€™ is not a pointer
[2.344s]    86 |         const auto goal = goal_handle[01;31m[K->[m[Kget_goal();
[2.344s]       |                                      [01;31m[K^~[m[K
[2.344s] [01m[K/home/maxim/git/ROS2/ros2_ws/src/action_tutorials_cpp/src/fibonacci_action_server.cpp:87:42:[m[K [01;31m[Kerror: [m[Kâ€˜[01m[KFibonacci[m[Kâ€™ was not declared in this scope; did you mean â€˜[01m[Kaction_tutorials_interfaces::action::Fibonacci[m[Kâ€™?
[2.344s]    87 |         auto feedback = std::make_shared<[01;31m[KFibonacci[m[K::Feedback>();
[2.344s]       |                                          [01;31m[K^~~~~~~~~[m[K
[2.344s]       |                                          [32m[Kaction_tutorials_interfaces::action::Fibonacci[m[K
[2.344s] In file included from [01m[K/home/maxim/git/ROS2/ros2_ws/install/action_tutorials_interfaces/include/action_tutorials_interfaces/action_tutorials_interfaces/action/fibonacci.hpp:7[m[K,
[2.344s]                  from [01m[K/home/maxim/git/ROS2/ros2_ws/src/action_tutorials_cpp/src/fibonacci_action_server.cpp:6[m[K:
[2.344s] [01m[K/home/maxim/git/ROS2/ros2_ws/install/action_tutorials_interfaces/include/action_tutorials_interfaces/action_tutorials_interfaces/action/detail/fibonacci__struct.hpp:1041:26:[m[K [01;36m[Knote: [m[Kâ€˜[01m[Kaction_tutorials_interfaces::action::Fibonacci[m[Kâ€™ declared here
[2.344s]  1041 | typedef struct Fibonacci [01;36m[KFibonacci[m[K;
[2.344s]       |                          [01;36m[K^~~~~~~~~[m[K
[2.344s] [01m[K/home/maxim/git/ROS2/ros2_ws/src/action_tutorials_cpp/src/fibonacci_action_server.cpp:87:30:[m[K [01;31m[Kerror: [m[Kparse error in template argument list
[2.345s]    87 |         auto feedback = std::[01;31m[Kmake_shared<Fibonacci::Feedback>[m[K();
[2.345s]       |                              [01;31m[K^~~~~~~~~~~~~~~~~~~~~~~~~~~~~~~~[m[K
[2.345s] [01m[K/home/maxim/git/ROS2/ros2_ws/src/action_tutorials_cpp/src/fibonacci_action_server.cpp:87:62:[m[K [01;31m[Kerror: [m[Kno matching function for call to â€˜[01m[Kmake_shared<<expression error> >()[m[Kâ€™
[2.345s]    87 |         auto feedback = [01;31m[Kstd::make_shared<Fibonacci::Feedback>()[m[K;
[2.345s]       |                         [01;31m[K~~~~~~~~~~~~~~~~~~~~~~~~~~~~~~~~~~~~~^~[m[K
[2.345s] In file included from [01m[K/usr/include/c++/11/memory:77[m[K,
[2.345s]                  from [01m[K/home/maxim/git/ROS2/ros2_ws/src/action_tutorials_cpp/src/fibonacci_action_server.cpp:1[m[K:
[2.345s] [01m[K/usr/include/c++/11/bits/shared_ptr.h:875:5:[m[K [01;36m[Knote: [m[Kcandidate: â€˜[01m[Ktemplate<class _Tp, class ... _Args> std::shared_ptr<_Tp> std::make_shared(_Args&& ...)[m[Kâ€™
[2.345s]   875 |     [01;36m[Kmake_shared[m[K(_Args&&... __args)
[2.345s]       |     [01;36m[K^~~~~~~~~~~[m[K
[2.345s] [01m[K/usr/include/c++/11/bits/shared_ptr.h:875:5:[m[K [01;36m[Knote: [m[K  template argument deduction/substitution failed:
[2.345s] [01m[K/home/maxim/git/ROS2/ros2_ws/src/action_tutorials_cpp/src/fibonacci_action_server.cpp:87:62:[m[K [01;31m[Kerror: [m[Ktemplate argument 1 is invalid
[2.346s]    87 |         auto feedback = [01;31m[Kstd::make_shared<Fibonacci::Feedback>()[m[K;
[2.346s]       |                         [01;31m[K~~~~~~~~~~~~~~~~~~~~~~~~~~~~~~~~~~~~~^~[m[K
[2.346s] [01m[K/home/maxim/git/ROS2/ros2_ws/src/action_tutorials_cpp/src/fibonacci_action_server.cpp:91:28:[m[K [01;31m[Kerror: [m[Kparse error in template argument list
[2.346s]    91 |         auto result = std::[01;31m[Kmake_shared<Fibonacci::Result>[m[K();
[2.346s]       |                            [01;31m[K^~~~~~~~~~~~~~~~~~~~~~~~~~~~~~[m[K
[2.346s] [01m[K/home/maxim/git/ROS2/ros2_ws/src/action_tutorials_cpp/src/fibonacci_action_server.cpp:91:58:[m[K [01;31m[Kerror: [m[Kno matching function for call to â€˜[01m[Kmake_shared<Fibonacci>()[m[Kâ€™
[2.346s]    91 |         auto result = [01;31m[Kstd::make_shared<Fibonacci::Result>()[m[K;
[2.346s]       |                       [01;31m[K~~~~~~~~~~~~~~~~~~~~~~~~~~~~~~~~~~~^~[m[K
[2.346s] In file included from [01m[K/usr/include/c++/11/memory:77[m[K,
[2.346s]                  from [01m[K/home/maxim/git/ROS2/ros2_ws/src/action_tutorials_cpp/src/fibonacci_action_server.cpp:1[m[K:
[2.346s] [01m[K/usr/include/c++/11/bits/shared_ptr.h:875:5:[m[K [01;36m[Knote: [m[Kcandidate: â€˜[01m[Ktemplate<class _Tp, class ... _Args> std::shared_ptr<_Tp> std::make_shared(_Args&& ...)[m[Kâ€™
[2.346s]   875 |     [01;36m[Kmake_shared[m[K(_Args&&... __args)
[2.346s]       |     [01;36m[K^~~~~~~~~~~[m[K
[2.347s] [01m[K/usr/include/c++/11/bits/shared_ptr.h:875:5:[m[K [01;36m[Knote: [m[K  template argument deduction/substitution failed:
[2.347s] [01m[K/home/maxim/git/ROS2/ros2_ws/src/action_tutorials_cpp/src/fibonacci_action_server.cpp:96:27:[m[K [01;31m[Kerror: [m[Kbase operand of â€˜[01m[K->[m[Kâ€™ is not a pointer
[2.347s]    96 |             if(goal_handle[01;31m[K->[m[Kis_canceling()) {
[2.347s]       |                           [01;31m[K^~[m[K
[2.347s] [01m[K/home/maxim/git/ROS2/ros2_ws/src/action_tutorials_cpp/src/fibonacci_action_server.cpp:98:28:[m[K [01;31m[Kerror: [m[Kbase operand of â€˜[01m[K->[m[Kâ€™ is not a pointer
[2.347s]    98 |                 goal_handle[01;31m[K->[m[Kcanceled(result);
[2.347s]       |                            [01;31m[K^~[m[K
[2.349s] [01m[K/home/maxim/git/ROS2/ros2_ws/src/action_tutorials_cpp/src/fibonacci_action_server.cpp:106:13:[m[K [01;31m[Kerror: [m[Kâ€˜[01m[Kget_handle[m[Kâ€™ was not declared in this scope; did you mean â€˜[01m[Kgoal_handle[m[Kâ€™?
[2.349s]   106 |             [01;31m[Kget_handle[m[K->publish_feedback(feedback);
[2.349s]       |             [01;31m[K^~~~~~~~~~[m[K
[2.349s]       |             [32m[Kgoal_handle[m[K
[2.349s] [01m[K/home/maxim/git/ROS2/ros2_ws/src/action_tutorials_cpp/src/fibonacci_action_server.cpp:116:24:[m[K [01;31m[Kerror: [m[Kbase operand of â€˜[01m[K->[m[Kâ€™ is not a pointer
[2.350s]   116 |             goal_handle[01;31m[K->[m[Ksucceed(result);
[2.350s]       |                        [01;31m[K^~[m[K
[2.834s] gmake[2]: *** [CMakeFiles/action_server.dir/build.make:76: CMakeFiles/action_server.dir/src/fibonacci_action_server.cpp.o] Error 1
[2.835s] gmake[1]: *** [CMakeFiles/Makefile2:139: CMakeFiles/action_server.dir/all] Error 2
[2.835s] gmake: *** [Makefile:146: all] Error 2
[2.852s] Invoked command in '/home/maxim/git/ROS2/ros2_ws/build/action_tutorials_cpp' returned '2': CMAKE_PREFIX_PATH=${CMAKE_PREFIX_PATH}:/opt/ros/humble LD_LIBRARY_PATH=/home/maxim/git/ROS2/ros2_ws/install/action_tutorials_interfaces/lib:/home/maxim/git/ROS2/ros2_ws/install/tutorial_interfaces/lib:/home/maxim/git/ROS2/ros2_ws/install/polygon_plugins/lib:/home/maxim/git/ROS2/ros2_ws/install/more_interfaces/lib:/usr/lib/x86_64-linux-gnu/gazebo-11/plugins:/opt/ros/humble/opt/rviz_ogre_vendor/lib:/opt/ros/humble/lib/x86_64-linux-gnu:/opt/ros/humble/lib:/usr/share/gazebo/../../lib/x86_64-linux-gnu/gazebo-11/plugins:/usr/share/gazebo/../../lib/x86_64-linux-gnu/gazebo-11/plugins:/usr/share/gazebo/../../lib/x86_64-linux-gnu/gazebo-11/plugins /usr/bin/cmake --build /home/maxim/git/ROS2/ros2_ws/build/action_tutorials_cpp -- -j12 -l12
